19-28-2024 00:28:07 tv:INFO:user_source_file: user_demo.txt
19-28-2024 00:28:29 tv:INFO:page_url: https://www.foodieguide.com/iptvsearch/?page=1&s=CCTV-1
19-28-2024 00:28:49 tv:INFO:url: None
19-28-2024 00:28:49 tv:INFO:url: None
19-28-2024 00:28:49 tv:INFO:url: None
19-28-2024 00:28:49 tv:INFO:url: None
19-28-2024 00:28:49 tv:INFO:url: None
19-28-2024 00:28:49 tv:INFO:url: None
19-28-2024 00:28:49 tv:INFO:url: None
19-28-2024 00:28:49 tv:INFO:url: None
19-28-2024 00:28:49 tv:INFO:url: None
19-28-2024 00:28:49 tv:INFO:url: None
19-28-2024 00:28:49 tv:INFO:url: None
19-28-2024 00:28:49 tv:INFO:url: None
19-28-2024 00:28:49 tv:INFO:url: None
19-28-2024 00:28:49 tv:INFO:url: None
19-28-2024 00:28:49 tv:INFO:url: None
19-28-2024 00:28:49 tv:INFO:url: None
19-28-2024 00:28:49 tv:INFO:url: None
19-28-2024 00:28:49 tv:INFO:url: None
19-28-2024 00:28:49 tv:INFO:url: None
19-28-2024 00:28:49 tv:INFO:url: None
19-28-2024 00:28:49 tv:INFO:url: None
19-28-2024 00:28:49 tv:INFO:url: None
19-28-2024 00:28:49 tv:INFO:url: None
19-28-2024 00:28:49 tv:INFO:page_url: https://www.foodieguide.com/iptvsearch/?page=2&s=CCTV-1
19-29-2024 00:29:05 tv:INFO:url: None
19-29-2024 00:29:05 tv:INFO:url: None
19-29-2024 00:29:05 tv:INFO:url: None
19-29-2024 00:29:05 tv:INFO:url: None
19-29-2024 00:29:05 tv:INFO:url: None
19-29-2024 00:29:05 tv:INFO:url: None
19-29-2024 00:29:05 tv:INFO:url: None
19-29-2024 00:29:05 tv:INFO:url: None
19-29-2024 00:29:05 tv:INFO:url: None
19-29-2024 00:29:05 tv:INFO:url: None
19-29-2024 00:29:05 tv:INFO:url: None
19-29-2024 00:29:05 tv:INFO:url: None
19-29-2024 00:29:05 tv:INFO:url: None
19-29-2024 00:29:05 tv:INFO:url: None
19-29-2024 00:29:05 tv:INFO:url: None
19-29-2024 00:29:05 tv:INFO:url: None
19-29-2024 00:29:05 tv:INFO:url: None
19-29-2024 00:29:05 tv:INFO:url: None
19-29-2024 00:29:05 tv:INFO:url: None
19-29-2024 00:29:05 tv:INFO:url: None
19-29-2024 00:29:05 tv:INFO:url: None
19-29-2024 00:29:05 tv:INFO:url: None
19-29-2024 00:29:05 tv:INFO:url: None
19-29-2024 00:29:05 tv:INFO:page_url: https://www.foodieguide.com/iptvsearch/?page=3&s=CCTV-1
19-29-2024 00:29:25 tv:INFO:url: None
19-29-2024 00:29:25 tv:INFO:url: None
19-29-2024 00:29:25 tv:INFO:url: None
19-29-2024 00:29:25 tv:INFO:url: None
19-29-2024 00:29:25 tv:INFO:url: None
19-29-2024 00:29:25 tv:INFO:url: None
19-29-2024 00:29:25 tv:INFO:url: None
19-29-2024 00:29:25 tv:INFO:url: None
19-29-2024 00:29:25 tv:INFO:url: None
19-29-2024 00:29:25 tv:INFO:url: None
19-29-2024 00:29:25 tv:INFO:url: None
19-29-2024 00:29:25 tv:INFO:url: None
19-29-2024 00:29:25 tv:INFO:url: None
19-29-2024 00:29:25 tv:INFO:url: None
19-29-2024 00:29:25 tv:INFO:url: None
19-29-2024 00:29:25 tv:INFO:url: None
19-29-2024 00:29:25 tv:INFO:url: None
19-29-2024 00:29:25 tv:INFO:url: None
19-29-2024 00:29:25 tv:INFO:url: None
19-29-2024 00:29:25 tv:INFO:url: None
19-29-2024 00:29:25 tv:INFO:url: None
19-29-2024 00:29:25 tv:INFO:url: None
19-29-2024 00:29:25 tv:INFO:url: None
19-29-2024 00:29:41 tv:INFO:page_url: https://www.foodieguide.com/iptvsearch/?page=1&s=CCTV-2
19-30-2024 00:30:13 tv:INFO:url: None
19-30-2024 00:30:13 tv:INFO:url: None
19-30-2024 00:30:13 tv:INFO:url: None
19-30-2024 00:30:13 tv:INFO:url: None
19-30-2024 00:30:13 tv:INFO:url: None
19-30-2024 00:30:13 tv:INFO:url: None
19-30-2024 00:30:13 tv:INFO:url: None
19-30-2024 00:30:13 tv:INFO:url: None
19-30-2024 00:30:13 tv:INFO:url: None
19-30-2024 00:30:13 tv:INFO:url: None
19-30-2024 00:30:13 tv:INFO:url: None
19-30-2024 00:30:13 tv:INFO:url: None
19-30-2024 00:30:13 tv:INFO:url: None
19-30-2024 00:30:13 tv:INFO:url: None
19-30-2024 00:30:13 tv:INFO:url: None
19-30-2024 00:30:13 tv:INFO:url: None
19-30-2024 00:30:13 tv:INFO:url: None
19-30-2024 00:30:13 tv:INFO:url: None
19-30-2024 00:30:13 tv:INFO:url: None
19-30-2024 00:30:13 tv:INFO:url: None
19-30-2024 00:30:13 tv:INFO:url: None
19-30-2024 00:30:13 tv:INFO:url: None
19-30-2024 00:30:13 tv:INFO:url: None
19-30-2024 00:30:13 tv:INFO:page_url: https://www.foodieguide.com/iptvsearch/?page=2&s=CCTV-2
19-30-2024 00:30:36 tv:INFO:url: None
19-30-2024 00:30:36 tv:INFO:url: None
19-30-2024 00:30:36 tv:INFO:url: None
19-30-2024 00:30:36 tv:INFO:url: None
19-30-2024 00:30:36 tv:INFO:url: None
19-30-2024 00:30:36 tv:INFO:url: None
19-30-2024 00:30:36 tv:INFO:url: None
19-30-2024 00:30:36 tv:INFO:url: None
19-30-2024 00:30:36 tv:INFO:url: None
19-30-2024 00:30:36 tv:INFO:url: None
19-30-2024 00:30:36 tv:INFO:url: None
19-30-2024 00:30:36 tv:INFO:url: None
19-30-2024 00:30:36 tv:INFO:url: None
19-30-2024 00:30:36 tv:INFO:url: None
19-30-2024 00:30:36 tv:INFO:url: None
19-30-2024 00:30:36 tv:INFO:url: None
19-30-2024 00:30:36 tv:INFO:url: None
19-30-2024 00:30:36 tv:INFO:url: None
19-30-2024 00:30:36 tv:INFO:url: None
19-30-2024 00:30:36 tv:INFO:url: None
19-30-2024 00:30:36 tv:INFO:url: None
19-30-2024 00:30:36 tv:INFO:url: None
19-30-2024 00:30:36 tv:INFO:url: None
19-30-2024 00:30:36 tv:INFO:page_url: https://www.foodieguide.com/iptvsearch/?page=3&s=CCTV-2
19-30-2024 00:30:58 tv:INFO:url: None
19-30-2024 00:30:58 tv:INFO:url: None
19-30-2024 00:30:58 tv:INFO:url: None
19-30-2024 00:30:58 tv:INFO:url: None
19-30-2024 00:30:58 tv:INFO:url: None
19-30-2024 00:30:58 tv:INFO:url: None
19-30-2024 00:30:58 tv:INFO:url: None
19-30-2024 00:30:58 tv:INFO:url: None
19-30-2024 00:30:58 tv:INFO:url: None
19-30-2024 00:30:58 tv:INFO:url: None
19-30-2024 00:30:58 tv:INFO:url: None
19-30-2024 00:30:58 tv:INFO:url: None
19-30-2024 00:30:58 tv:INFO:url: None
19-30-2024 00:30:58 tv:INFO:url: None
19-30-2024 00:30:58 tv:INFO:url: None
19-30-2024 00:30:58 tv:INFO:url: None
19-30-2024 00:30:58 tv:INFO:url: None
19-30-2024 00:30:58 tv:INFO:url: None
19-30-2024 00:30:58 tv:INFO:url: None
19-30-2024 00:30:58 tv:INFO:url: None
19-30-2024 00:30:58 tv:INFO:url: None
19-30-2024 00:30:58 tv:INFO:url: None
19-30-2024 00:30:58 tv:INFO:url: None
19-31-2024 00:31:21 tv:INFO:page_url: https://www.foodieguide.com/iptvsearch/?page=1&s=CCTV-3
19-31-2024 00:31:35 tv:INFO:url: None
19-31-2024 00:31:35 tv:INFO:url: None
19-31-2024 00:31:35 tv:INFO:url: None
19-31-2024 00:31:35 tv:INFO:url: None
19-31-2024 00:31:35 tv:INFO:url: None
19-31-2024 00:31:35 tv:INFO:url: None
19-31-2024 00:31:35 tv:INFO:url: None
19-31-2024 00:31:35 tv:INFO:url: None
19-31-2024 00:31:35 tv:INFO:url: None
19-31-2024 00:31:35 tv:INFO:url: None
19-31-2024 00:31:35 tv:INFO:url: None
19-31-2024 00:31:35 tv:INFO:url: None
19-31-2024 00:31:35 tv:INFO:url: None
19-31-2024 00:31:35 tv:INFO:url: None
19-31-2024 00:31:35 tv:INFO:url: None
19-31-2024 00:31:35 tv:INFO:url: None
19-31-2024 00:31:35 tv:INFO:url: None
19-31-2024 00:31:35 tv:INFO:url: None
19-31-2024 00:31:35 tv:INFO:url: None
19-31-2024 00:31:35 tv:INFO:url: None
19-31-2024 00:31:35 tv:INFO:url: None
19-31-2024 00:31:35 tv:INFO:url: None
19-31-2024 00:31:35 tv:INFO:url: None
19-31-2024 00:31:35 tv:INFO:page_url: https://www.foodieguide.com/iptvsearch/?page=2&s=CCTV-3
19-31-2024 00:31:52 tv:INFO:url: None
19-31-2024 00:31:52 tv:INFO:url: None
19-31-2024 00:31:52 tv:INFO:url: None
19-31-2024 00:31:52 tv:INFO:url: None
19-31-2024 00:31:52 tv:INFO:url: None
19-31-2024 00:31:52 tv:INFO:url: None
19-31-2024 00:31:52 tv:INFO:url: None
19-31-2024 00:31:52 tv:INFO:url: None
19-31-2024 00:31:52 tv:INFO:url: None
19-31-2024 00:31:52 tv:INFO:url: None
19-31-2024 00:31:52 tv:INFO:url: None
19-31-2024 00:31:52 tv:INFO:url: None
19-31-2024 00:31:52 tv:INFO:url: None
19-31-2024 00:31:52 tv:INFO:url: None
19-31-2024 00:31:52 tv:INFO:url: None
19-31-2024 00:31:52 tv:INFO:url: None
19-31-2024 00:31:52 tv:INFO:url: None
19-31-2024 00:31:52 tv:INFO:url: None
19-31-2024 00:31:52 tv:INFO:url: None
19-31-2024 00:31:52 tv:INFO:url: None
19-31-2024 00:31:52 tv:INFO:url: None
19-31-2024 00:31:52 tv:INFO:url: None
19-31-2024 00:31:52 tv:INFO:url: None
19-31-2024 00:31:52 tv:INFO:page_url: https://www.foodieguide.com/iptvsearch/?page=3&s=CCTV-3
19-32-2024 00:32:06 tv:INFO:url: None
19-32-2024 00:32:06 tv:INFO:url: None
19-32-2024 00:32:06 tv:INFO:url: None
19-32-2024 00:32:06 tv:INFO:url: None
19-32-2024 00:32:06 tv:INFO:url: None
19-32-2024 00:32:06 tv:INFO:url: None
19-32-2024 00:32:06 tv:INFO:url: None
19-32-2024 00:32:06 tv:INFO:url: None
19-32-2024 00:32:06 tv:INFO:url: None
19-32-2024 00:32:06 tv:INFO:url: None
19-32-2024 00:32:06 tv:INFO:url: None
19-32-2024 00:32:06 tv:INFO:url: None
19-32-2024 00:32:06 tv:INFO:url: None
19-32-2024 00:32:06 tv:INFO:url: None
19-32-2024 00:32:06 tv:INFO:url: None
19-32-2024 00:32:06 tv:INFO:url: None
19-32-2024 00:32:06 tv:INFO:url: None
19-32-2024 00:32:06 tv:INFO:url: None
19-32-2024 00:32:06 tv:INFO:url: None
19-32-2024 00:32:06 tv:INFO:url: None
19-32-2024 00:32:06 tv:INFO:url: None
19-32-2024 00:32:06 tv:INFO:url: None
19-32-2024 00:32:06 tv:INFO:url: None
19-32-2024 00:32:06 tv:INFO:page_url: https://www.foodieguide.com/iptvsearch/?page=4&s=CCTV-3
19-32-2024 00:32:24 tv:INFO:url: None
19-32-2024 00:32:24 tv:INFO:url: None
19-32-2024 00:32:24 tv:INFO:url: None
19-32-2024 00:32:24 tv:INFO:url: None
19-32-2024 00:32:24 tv:INFO:url: None
19-32-2024 00:32:24 tv:INFO:url: None
19-32-2024 00:32:24 tv:INFO:url: None
19-32-2024 00:32:24 tv:INFO:url: None
19-32-2024 00:32:24 tv:INFO:url: None
19-32-2024 00:32:24 tv:INFO:url: None
19-32-2024 00:32:24 tv:INFO:url: None
19-32-2024 00:32:24 tv:INFO:url: None
19-32-2024 00:32:24 tv:INFO:url: None
19-32-2024 00:32:24 tv:INFO:url: None
19-32-2024 00:32:24 tv:INFO:url: None
19-32-2024 00:32:24 tv:INFO:url: None
19-32-2024 00:32:24 tv:INFO:url: None
19-32-2024 00:32:24 tv:INFO:url: None
19-32-2024 00:32:24 tv:INFO:url: None
19-32-2024 00:32:24 tv:INFO:url: None
19-32-2024 00:32:24 tv:INFO:url: None
19-32-2024 00:32:24 tv:INFO:url: None
19-32-2024 00:32:24 tv:INFO:url: None
19-32-2024 00:32:51 tv:INFO:page_url: https://www.foodieguide.com/iptvsearch/?page=1&s=CCTV-4
19-33-2024 00:33:15 tv:INFO:url: None
19-33-2024 00:33:15 tv:INFO:url: None
19-33-2024 00:33:15 tv:INFO:url: None
19-33-2024 00:33:15 tv:INFO:url: None
19-33-2024 00:33:15 tv:INFO:url: None
19-33-2024 00:33:15 tv:INFO:url: None
19-33-2024 00:33:15 tv:INFO:url: None
19-33-2024 00:33:15 tv:INFO:url: None
19-33-2024 00:33:15 tv:INFO:url: None
19-33-2024 00:33:15 tv:INFO:url: None
19-33-2024 00:33:15 tv:INFO:url: None
19-33-2024 00:33:15 tv:INFO:url: None
19-33-2024 00:33:15 tv:INFO:url: None
19-33-2024 00:33:15 tv:INFO:url: None
19-33-2024 00:33:15 tv:INFO:url: None
19-33-2024 00:33:15 tv:INFO:url: None
19-33-2024 00:33:15 tv:INFO:url: None
19-33-2024 00:33:15 tv:INFO:url: None
19-33-2024 00:33:15 tv:INFO:url: None
19-33-2024 00:33:15 tv:INFO:url: None
19-33-2024 00:33:15 tv:INFO:url: None
19-33-2024 00:33:15 tv:INFO:url: None
19-33-2024 00:33:15 tv:INFO:url: None
19-33-2024 00:33:15 tv:INFO:page_url: https://www.foodieguide.com/iptvsearch/?page=2&s=CCTV-4
19-33-2024 00:33:34 tv:INFO:url: None
19-33-2024 00:33:34 tv:INFO:url: None
19-33-2024 00:33:34 tv:INFO:url: None
19-33-2024 00:33:34 tv:INFO:url: None
19-33-2024 00:33:34 tv:INFO:url: None
19-33-2024 00:33:34 tv:INFO:url: None
19-33-2024 00:33:34 tv:INFO:url: None
19-33-2024 00:33:34 tv:INFO:url: None
19-33-2024 00:33:34 tv:INFO:url: None
19-33-2024 00:33:34 tv:INFO:url: None
19-33-2024 00:33:34 tv:INFO:url: None
19-33-2024 00:33:34 tv:INFO:url: None
19-33-2024 00:33:34 tv:INFO:url: None
19-33-2024 00:33:34 tv:INFO:url: None
19-33-2024 00:33:34 tv:INFO:url: None
19-33-2024 00:33:34 tv:INFO:url: None
19-33-2024 00:33:34 tv:INFO:url: None
19-33-2024 00:33:34 tv:INFO:url: None
19-33-2024 00:33:34 tv:INFO:url: None
19-33-2024 00:33:34 tv:INFO:url: None
19-33-2024 00:33:34 tv:INFO:url: None
19-33-2024 00:33:34 tv:INFO:url: None
19-33-2024 00:33:34 tv:INFO:url: None
19-33-2024 00:33:34 tv:INFO:page_url: https://www.foodieguide.com/iptvsearch/?page=3&s=CCTV-4
19-33-2024 00:33:59 tv:INFO:url: None
19-33-2024 00:33:59 tv:INFO:url: None
19-33-2024 00:33:59 tv:INFO:url: None
19-33-2024 00:33:59 tv:INFO:url: None
19-33-2024 00:33:59 tv:INFO:url: None
19-33-2024 00:33:59 tv:INFO:url: None
19-33-2024 00:33:59 tv:INFO:url: None
19-33-2024 00:33:59 tv:INFO:url: None
19-33-2024 00:33:59 tv:INFO:url: None
19-33-2024 00:33:59 tv:INFO:url: None
19-33-2024 00:33:59 tv:INFO:url: None
19-33-2024 00:33:59 tv:INFO:url: None
19-33-2024 00:33:59 tv:INFO:url: None
19-33-2024 00:33:59 tv:INFO:url: None
19-33-2024 00:33:59 tv:INFO:url: None
19-33-2024 00:33:59 tv:INFO:url: None
19-33-2024 00:33:59 tv:INFO:url: None
19-33-2024 00:33:59 tv:INFO:url: None
19-33-2024 00:33:59 tv:INFO:url: None
19-33-2024 00:33:59 tv:INFO:url: None
19-33-2024 00:33:59 tv:INFO:url: None
19-33-2024 00:33:59 tv:INFO:url: None
19-33-2024 00:33:59 tv:INFO:url: None
19-33-2024 00:33:59 tv:INFO:page_url: https://www.foodieguide.com/iptvsearch/?page=4&s=CCTV-4
19-34-2024 00:34:25 tv:INFO:url: None
19-34-2024 00:34:25 tv:INFO:url: None
19-34-2024 00:34:25 tv:INFO:url: None
19-34-2024 00:34:25 tv:INFO:url: None
19-34-2024 00:34:25 tv:INFO:url: None
19-34-2024 00:34:25 tv:INFO:url: None
19-34-2024 00:34:25 tv:INFO:url: None
19-34-2024 00:34:25 tv:INFO:url: None
19-34-2024 00:34:25 tv:INFO:url: None
19-34-2024 00:34:25 tv:INFO:url: None
19-34-2024 00:34:25 tv:INFO:url: None
19-34-2024 00:34:25 tv:INFO:url: None
19-34-2024 00:34:25 tv:INFO:url: None
19-34-2024 00:34:25 tv:INFO:url: None
19-34-2024 00:34:25 tv:INFO:url: None
19-34-2024 00:34:25 tv:INFO:url: None
19-34-2024 00:34:25 tv:INFO:url: None
19-34-2024 00:34:25 tv:INFO:url: None
19-34-2024 00:34:25 tv:INFO:url: None
19-34-2024 00:34:25 tv:INFO:url: None
19-34-2024 00:34:25 tv:INFO:url: None
19-34-2024 00:34:25 tv:INFO:url: None
19-34-2024 00:34:25 tv:INFO:url: None
19-34-2024 00:34:48 tv:INFO:page_url: https://www.foodieguide.com/iptvsearch/?page=1&s=CCTV-5
19-35-2024 00:35:09 tv:INFO:url: None
19-35-2024 00:35:09 tv:INFO:url: None
19-35-2024 00:35:09 tv:INFO:url: None
19-35-2024 00:35:09 tv:INFO:url: None
19-35-2024 00:35:09 tv:INFO:url: None
19-35-2024 00:35:09 tv:INFO:url: None
19-35-2024 00:35:09 tv:INFO:url: None
19-35-2024 00:35:09 tv:INFO:url: None
19-35-2024 00:35:09 tv:INFO:url: None
19-35-2024 00:35:09 tv:INFO:url: None
19-35-2024 00:35:09 tv:INFO:url: None
19-35-2024 00:35:09 tv:INFO:url: None
19-35-2024 00:35:09 tv:INFO:url: None
19-35-2024 00:35:09 tv:INFO:url: None
19-35-2024 00:35:09 tv:INFO:url: None
19-35-2024 00:35:09 tv:INFO:url: None
19-35-2024 00:35:09 tv:INFO:url: None
19-35-2024 00:35:09 tv:INFO:url: None
19-35-2024 00:35:09 tv:INFO:url: None
19-35-2024 00:35:09 tv:INFO:url: None
19-35-2024 00:35:09 tv:INFO:url: None
19-35-2024 00:35:09 tv:INFO:url: None
19-35-2024 00:35:09 tv:INFO:url: None
19-35-2024 00:35:09 tv:INFO:page_url: https://www.foodieguide.com/iptvsearch/?page=2&s=CCTV-5
19-35-2024 00:35:30 tv:INFO:url: None
19-35-2024 00:35:30 tv:INFO:url: None
19-35-2024 00:35:30 tv:INFO:url: None
19-35-2024 00:35:30 tv:INFO:url: None
19-35-2024 00:35:30 tv:INFO:url: None
19-35-2024 00:35:30 tv:INFO:url: None
19-35-2024 00:35:30 tv:INFO:url: None
19-35-2024 00:35:30 tv:INFO:url: None
19-35-2024 00:35:30 tv:INFO:url: None
19-35-2024 00:35:30 tv:INFO:url: None
19-35-2024 00:35:30 tv:INFO:url: None
19-35-2024 00:35:30 tv:INFO:url: None
19-35-2024 00:35:30 tv:INFO:url: None
19-35-2024 00:35:30 tv:INFO:url: None
19-35-2024 00:35:30 tv:INFO:url: None
19-35-2024 00:35:30 tv:INFO:url: None
19-35-2024 00:35:30 tv:INFO:url: None
19-35-2024 00:35:30 tv:INFO:url: None
19-35-2024 00:35:30 tv:INFO:url: None
19-35-2024 00:35:30 tv:INFO:url: None
19-35-2024 00:35:30 tv:INFO:url: None
19-35-2024 00:35:30 tv:INFO:url: None
19-35-2024 00:35:30 tv:INFO:url: None
19-35-2024 00:35:30 tv:INFO:page_url: https://www.foodieguide.com/iptvsearch/?page=3&s=CCTV-5
19-35-2024 00:35:53 tv:INFO:url: None
19-35-2024 00:35:53 tv:INFO:url: None
19-35-2024 00:35:53 tv:INFO:url: None
19-35-2024 00:35:53 tv:INFO:url: None
19-35-2024 00:35:53 tv:INFO:url: None
19-35-2024 00:35:53 tv:INFO:url: None
19-35-2024 00:35:53 tv:INFO:url: None
19-35-2024 00:35:53 tv:INFO:url: None
19-35-2024 00:35:53 tv:INFO:url: None
19-35-2024 00:35:53 tv:INFO:url: None
19-35-2024 00:35:53 tv:INFO:url: None
19-35-2024 00:35:53 tv:INFO:url: None
19-35-2024 00:35:53 tv:INFO:url: None
19-35-2024 00:35:53 tv:INFO:url: None
19-35-2024 00:35:53 tv:INFO:url: None
19-35-2024 00:35:53 tv:INFO:url: None
19-35-2024 00:35:53 tv:INFO:url: None
19-35-2024 00:35:53 tv:INFO:url: None
19-35-2024 00:35:53 tv:INFO:url: None
19-35-2024 00:35:53 tv:INFO:url: None
19-35-2024 00:35:53 tv:INFO:url: None
19-35-2024 00:35:53 tv:INFO:url: None
19-35-2024 00:35:53 tv:INFO:url: None
19-36-2024 00:36:10 tv:INFO:page_url: https://www.foodieguide.com/iptvsearch/?page=1&s=CCTV-5+
19-36-2024 00:36:32 tv:INFO:url: None
19-36-2024 00:36:32 tv:INFO:url: None
19-36-2024 00:36:32 tv:INFO:url: None
19-36-2024 00:36:32 tv:INFO:url: None
19-36-2024 00:36:32 tv:INFO:url: None
19-36-2024 00:36:32 tv:INFO:url: None
19-36-2024 00:36:32 tv:INFO:url: None
19-36-2024 00:36:32 tv:INFO:url: None
19-36-2024 00:36:32 tv:INFO:url: None
19-36-2024 00:36:32 tv:INFO:url: None
19-36-2024 00:36:32 tv:INFO:url: None
19-36-2024 00:36:32 tv:INFO:url: None
19-36-2024 00:36:32 tv:INFO:url: None
19-36-2024 00:36:32 tv:INFO:url: None
19-36-2024 00:36:32 tv:INFO:url: None
19-36-2024 00:36:32 tv:INFO:url: None
19-36-2024 00:36:32 tv:INFO:url: None
19-36-2024 00:36:32 tv:INFO:url: None
19-36-2024 00:36:32 tv:INFO:url: None
19-36-2024 00:36:32 tv:INFO:url: None
19-36-2024 00:36:32 tv:INFO:url: None
19-36-2024 00:36:32 tv:INFO:url: None
19-36-2024 00:36:32 tv:INFO:url: None
19-36-2024 00:36:32 tv:INFO:page_url: https://www.foodieguide.com/iptvsearch/?page=2&s=CCTV-5+
19-36-2024 00:36:58 tv:INFO:url: None
19-36-2024 00:36:58 tv:INFO:url: None
19-36-2024 00:36:58 tv:INFO:url: None
19-36-2024 00:36:58 tv:INFO:url: None
19-36-2024 00:36:58 tv:INFO:url: None
19-36-2024 00:36:58 tv:INFO:url: None
19-36-2024 00:36:58 tv:INFO:url: None
19-36-2024 00:36:58 tv:INFO:url: None
19-36-2024 00:36:58 tv:INFO:url: None
19-36-2024 00:36:58 tv:INFO:url: None
19-36-2024 00:36:58 tv:INFO:url: None
19-36-2024 00:36:58 tv:INFO:url: None
19-36-2024 00:36:58 tv:INFO:url: None
19-36-2024 00:36:58 tv:INFO:url: None
19-36-2024 00:36:58 tv:INFO:url: None
19-36-2024 00:36:58 tv:INFO:url: None
19-36-2024 00:36:58 tv:INFO:url: None
19-36-2024 00:36:58 tv:INFO:url: None
19-36-2024 00:36:58 tv:INFO:url: None
19-36-2024 00:36:58 tv:INFO:url: None
19-36-2024 00:36:58 tv:INFO:url: None
19-36-2024 00:36:58 tv:INFO:page_url: https://www.foodieguide.com/iptvsearch/?page=3&s=CCTV-5+
19-37-2024 00:37:47 tv:INFO:page_url: https://www.foodieguide.com/iptvsearch/?page=1&s=CCTV-6
19-38-2024 00:38:20 tv:INFO:url: None
19-38-2024 00:38:20 tv:INFO:url: None
19-38-2024 00:38:20 tv:INFO:url: None
19-38-2024 00:38:20 tv:INFO:url: None
19-38-2024 00:38:20 tv:INFO:url: None
19-38-2024 00:38:20 tv:INFO:url: None
19-38-2024 00:38:20 tv:INFO:url: None
19-38-2024 00:38:20 tv:INFO:url: None
19-38-2024 00:38:20 tv:INFO:url: None
19-38-2024 00:38:20 tv:INFO:url: None
19-38-2024 00:38:20 tv:INFO:url: None
19-38-2024 00:38:20 tv:INFO:url: None
19-38-2024 00:38:20 tv:INFO:url: None
19-38-2024 00:38:20 tv:INFO:url: None
19-38-2024 00:38:20 tv:INFO:url: None
19-38-2024 00:38:20 tv:INFO:url: None
19-38-2024 00:38:20 tv:INFO:url: None
19-38-2024 00:38:20 tv:INFO:url: None
19-38-2024 00:38:20 tv:INFO:url: None
19-38-2024 00:38:20 tv:INFO:url: None
19-38-2024 00:38:20 tv:INFO:url: None
19-38-2024 00:38:20 tv:INFO:url: None
19-38-2024 00:38:20 tv:INFO:url: None
19-38-2024 00:38:20 tv:INFO:page_url: https://www.foodieguide.com/iptvsearch/?page=2&s=CCTV-6
19-38-2024 00:38:58 tv:INFO:url: None
19-38-2024 00:38:58 tv:INFO:url: None
19-38-2024 00:38:58 tv:INFO:url: None
19-38-2024 00:38:58 tv:INFO:url: None
19-38-2024 00:38:58 tv:INFO:url: None
19-38-2024 00:38:58 tv:INFO:url: None
19-38-2024 00:38:58 tv:INFO:url: None
19-38-2024 00:38:58 tv:INFO:url: None
19-38-2024 00:38:58 tv:INFO:url: None
19-38-2024 00:38:58 tv:INFO:url: None
19-38-2024 00:38:58 tv:INFO:url: None
19-38-2024 00:38:58 tv:INFO:url: None
19-38-2024 00:38:58 tv:INFO:url: None
19-38-2024 00:38:58 tv:INFO:url: None
19-38-2024 00:38:58 tv:INFO:url: None
19-38-2024 00:38:58 tv:INFO:url: None
19-38-2024 00:38:58 tv:INFO:url: None
19-38-2024 00:38:58 tv:INFO:url: None
19-38-2024 00:38:58 tv:INFO:url: None
19-38-2024 00:38:58 tv:INFO:url: None
19-38-2024 00:38:58 tv:INFO:url: None
19-38-2024 00:38:58 tv:INFO:url: None
19-38-2024 00:38:58 tv:INFO:url: None
19-38-2024 00:38:58 tv:INFO:page_url: https://www.foodieguide.com/iptvsearch/?page=3&s=CCTV-6
19-39-2024 00:39:36 tv:INFO:url: None
19-39-2024 00:39:36 tv:INFO:url: None
19-39-2024 00:39:36 tv:INFO:url: None
19-39-2024 00:39:36 tv:INFO:url: None
19-39-2024 00:39:36 tv:INFO:url: None
19-39-2024 00:39:36 tv:INFO:url: None
19-39-2024 00:39:36 tv:INFO:url: None
19-39-2024 00:39:36 tv:INFO:url: None
19-39-2024 00:39:36 tv:INFO:url: None
19-39-2024 00:39:36 tv:INFO:url: None
19-39-2024 00:39:36 tv:INFO:url: None
19-39-2024 00:39:36 tv:INFO:url: None
19-39-2024 00:39:36 tv:INFO:url: None
19-39-2024 00:39:36 tv:INFO:url: None
19-39-2024 00:39:36 tv:INFO:url: None
19-39-2024 00:39:36 tv:INFO:url: None
19-39-2024 00:39:36 tv:INFO:url: None
19-39-2024 00:39:36 tv:INFO:url: None
19-39-2024 00:39:36 tv:INFO:url: None
19-39-2024 00:39:36 tv:INFO:url: None
19-39-2024 00:39:36 tv:INFO:url: None
19-39-2024 00:39:36 tv:INFO:url: None
19-39-2024 00:39:36 tv:INFO:url: None
19-39-2024 00:39:36 tv:INFO:page_url: https://www.foodieguide.com/iptvsearch/?page=4&s=CCTV-6
19-40-2024 00:40:10 tv:INFO:url: None
19-40-2024 00:40:10 tv:INFO:url: None
19-40-2024 00:40:10 tv:INFO:url: None
19-40-2024 00:40:10 tv:INFO:url: None
19-40-2024 00:40:10 tv:INFO:url: None
19-40-2024 00:40:10 tv:INFO:url: None
19-40-2024 00:40:10 tv:INFO:url: None
19-40-2024 00:40:10 tv:INFO:url: None
19-40-2024 00:40:10 tv:INFO:url: None
19-40-2024 00:40:10 tv:INFO:url: None
19-40-2024 00:40:10 tv:INFO:url: None
19-40-2024 00:40:10 tv:INFO:url: None
19-40-2024 00:40:10 tv:INFO:url: None
19-40-2024 00:40:10 tv:INFO:url: None
19-40-2024 00:40:10 tv:INFO:url: None
19-40-2024 00:40:10 tv:INFO:url: None
19-40-2024 00:40:10 tv:INFO:url: None
19-40-2024 00:40:10 tv:INFO:url: None
19-40-2024 00:40:10 tv:INFO:url: None
19-40-2024 00:40:10 tv:INFO:url: None
19-40-2024 00:40:10 tv:INFO:url: None
19-40-2024 00:40:10 tv:INFO:url: None
19-40-2024 00:40:10 tv:INFO:url: None
19-41-2024 00:41:10 tv:INFO:page_url: https://www.foodieguide.com/iptvsearch/?page=1&s=CCTV-8
19-41-2024 00:41:43 tv:INFO:url: None
19-41-2024 00:41:43 tv:INFO:url: None
19-41-2024 00:41:43 tv:INFO:url: None
19-41-2024 00:41:43 tv:INFO:url: None
19-41-2024 00:41:43 tv:INFO:url: None
19-41-2024 00:41:43 tv:INFO:url: None
19-41-2024 00:41:43 tv:INFO:url: None
19-41-2024 00:41:43 tv:INFO:url: None
19-41-2024 00:41:43 tv:INFO:url: None
19-41-2024 00:41:43 tv:INFO:url: None
19-41-2024 00:41:43 tv:INFO:url: None
19-41-2024 00:41:43 tv:INFO:url: None
19-41-2024 00:41:43 tv:INFO:url: None
19-41-2024 00:41:43 tv:INFO:url: None
19-41-2024 00:41:43 tv:INFO:url: None
19-41-2024 00:41:43 tv:INFO:url: None
19-41-2024 00:41:43 tv:INFO:url: None
19-41-2024 00:41:43 tv:INFO:url: None
19-41-2024 00:41:43 tv:INFO:url: None
19-41-2024 00:41:43 tv:INFO:url: None
19-41-2024 00:41:43 tv:INFO:url: None
19-41-2024 00:41:43 tv:INFO:url: None
19-41-2024 00:41:43 tv:INFO:url: None
19-41-2024 00:41:43 tv:INFO:page_url: https://www.foodieguide.com/iptvsearch/?page=2&s=CCTV-8
19-42-2024 00:42:14 tv:INFO:url: None
19-42-2024 00:42:14 tv:INFO:url: None
19-42-2024 00:42:14 tv:INFO:url: None
19-42-2024 00:42:14 tv:INFO:url: None
19-42-2024 00:42:14 tv:INFO:url: None
19-42-2024 00:42:14 tv:INFO:url: None
19-42-2024 00:42:14 tv:INFO:url: None
19-42-2024 00:42:14 tv:INFO:url: None
19-42-2024 00:42:14 tv:INFO:url: None
19-42-2024 00:42:14 tv:INFO:url: None
19-42-2024 00:42:14 tv:INFO:url: None
19-42-2024 00:42:14 tv:INFO:url: None
19-42-2024 00:42:14 tv:INFO:url: None
19-42-2024 00:42:14 tv:INFO:url: None
19-42-2024 00:42:14 tv:INFO:url: None
19-42-2024 00:42:14 tv:INFO:url: None
19-42-2024 00:42:14 tv:INFO:url: None
19-42-2024 00:42:14 tv:INFO:url: None
19-42-2024 00:42:14 tv:INFO:url: None
19-42-2024 00:42:14 tv:INFO:url: None
19-42-2024 00:42:14 tv:INFO:url: None
19-42-2024 00:42:14 tv:INFO:url: None
19-42-2024 00:42:14 tv:INFO:url: None
19-42-2024 00:42:14 tv:INFO:page_url: https://www.foodieguide.com/iptvsearch/?page=3&s=CCTV-8
19-42-2024 00:42:28 tv:INFO:url: None
19-42-2024 00:42:28 tv:INFO:url: None
19-42-2024 00:42:28 tv:INFO:url: None
19-42-2024 00:42:28 tv:INFO:url: None
19-42-2024 00:42:28 tv:INFO:url: None
19-42-2024 00:42:28 tv:INFO:url: None
19-42-2024 00:42:28 tv:INFO:url: None
19-42-2024 00:42:28 tv:INFO:url: None
19-42-2024 00:42:28 tv:INFO:url: None
19-42-2024 00:42:28 tv:INFO:url: None
19-42-2024 00:42:28 tv:INFO:url: None
19-42-2024 00:42:28 tv:INFO:url: None
19-42-2024 00:42:28 tv:INFO:url: None
19-42-2024 00:42:28 tv:INFO:url: None
19-42-2024 00:42:28 tv:INFO:url: None
19-42-2024 00:42:28 tv:INFO:url: None
19-42-2024 00:42:28 tv:INFO:url: None
19-42-2024 00:42:28 tv:INFO:url: None
19-42-2024 00:42:28 tv:INFO:url: None
19-42-2024 00:42:28 tv:INFO:url: None
19-42-2024 00:42:28 tv:INFO:url: None
19-42-2024 00:42:28 tv:INFO:url: None
19-42-2024 00:42:28 tv:INFO:url: None
19-42-2024 00:42:53 tv:INFO:page_url: https://www.foodieguide.com/iptvsearch/?page=1&s=CCTV-9
19-43-2024 00:43:25 tv:INFO:url: None
19-43-2024 00:43:25 tv:INFO:url: None
19-43-2024 00:43:25 tv:INFO:url: None
19-43-2024 00:43:25 tv:INFO:url: None
19-43-2024 00:43:25 tv:INFO:url: None
19-43-2024 00:43:25 tv:INFO:url: None
19-43-2024 00:43:25 tv:INFO:url: None
19-43-2024 00:43:25 tv:INFO:url: None
19-43-2024 00:43:25 tv:INFO:url: None
19-43-2024 00:43:25 tv:INFO:url: None
19-43-2024 00:43:25 tv:INFO:url: None
19-43-2024 00:43:25 tv:INFO:url: None
19-43-2024 00:43:25 tv:INFO:url: None
19-43-2024 00:43:25 tv:INFO:url: None
19-43-2024 00:43:25 tv:INFO:url: None
19-43-2024 00:43:25 tv:INFO:url: None
19-43-2024 00:43:25 tv:INFO:url: None
19-43-2024 00:43:25 tv:INFO:url: None
19-43-2024 00:43:25 tv:INFO:url: None
19-43-2024 00:43:25 tv:INFO:url: None
19-43-2024 00:43:25 tv:INFO:url: None
19-43-2024 00:43:25 tv:INFO:url: None
19-43-2024 00:43:25 tv:INFO:url: None
19-43-2024 00:43:25 tv:INFO:page_url: https://www.foodieguide.com/iptvsearch/?page=2&s=CCTV-9
19-43-2024 00:43:53 tv:INFO:url: None
19-43-2024 00:43:53 tv:INFO:url: None
19-43-2024 00:43:53 tv:INFO:url: None
19-43-2024 00:43:53 tv:INFO:url: None
19-43-2024 00:43:53 tv:INFO:url: None
19-43-2024 00:43:53 tv:INFO:url: None
19-43-2024 00:43:53 tv:INFO:url: None
19-43-2024 00:43:53 tv:INFO:url: None
19-43-2024 00:43:53 tv:INFO:url: None
19-43-2024 00:43:53 tv:INFO:url: None
19-43-2024 00:43:53 tv:INFO:url: None
19-43-2024 00:43:53 tv:INFO:url: None
19-43-2024 00:43:53 tv:INFO:url: None
19-43-2024 00:43:53 tv:INFO:url: None
19-43-2024 00:43:53 tv:INFO:url: None
19-43-2024 00:43:53 tv:INFO:url: None
19-43-2024 00:43:53 tv:INFO:url: None
19-43-2024 00:43:53 tv:INFO:url: None
19-43-2024 00:43:53 tv:INFO:url: None
19-43-2024 00:43:53 tv:INFO:url: None
19-43-2024 00:43:53 tv:INFO:url: None
19-43-2024 00:43:53 tv:INFO:url: None
19-43-2024 00:43:53 tv:INFO:url: None
19-43-2024 00:43:53 tv:INFO:page_url: https://www.foodieguide.com/iptvsearch/?page=3&s=CCTV-9
19-44-2024 00:44:26 tv:INFO:url: None
19-44-2024 00:44:26 tv:INFO:url: None
19-44-2024 00:44:26 tv:INFO:url: None
19-44-2024 00:44:26 tv:INFO:url: None
19-44-2024 00:44:26 tv:INFO:url: None
19-44-2024 00:44:26 tv:INFO:url: None
19-44-2024 00:44:26 tv:INFO:url: None
19-44-2024 00:44:26 tv:INFO:url: None
19-44-2024 00:44:26 tv:INFO:url: None
19-44-2024 00:44:26 tv:INFO:url: None
19-44-2024 00:44:26 tv:INFO:url: None
19-44-2024 00:44:26 tv:INFO:url: None
19-44-2024 00:44:26 tv:INFO:url: None
19-44-2024 00:44:26 tv:INFO:url: None
19-44-2024 00:44:26 tv:INFO:url: None
19-44-2024 00:44:26 tv:INFO:url: None
19-44-2024 00:44:26 tv:INFO:url: None
19-44-2024 00:44:26 tv:INFO:url: None
19-44-2024 00:44:26 tv:INFO:url: None
19-44-2024 00:44:26 tv:INFO:url: None
19-44-2024 00:44:26 tv:INFO:url: None
19-44-2024 00:44:26 tv:INFO:url: None
19-44-2024 00:44:26 tv:INFO:url: None
19-44-2024 00:44:26 tv:INFO:page_url: https://www.foodieguide.com/iptvsearch/?page=4&s=CCTV-9
19-44-2024 00:44:49 tv:INFO:url: None
19-44-2024 00:44:49 tv:INFO:url: None
19-44-2024 00:44:49 tv:INFO:url: None
19-44-2024 00:44:49 tv:INFO:url: None
19-44-2024 00:44:49 tv:INFO:url: None
19-44-2024 00:44:49 tv:INFO:url: None
19-44-2024 00:44:49 tv:INFO:url: None
19-44-2024 00:44:49 tv:INFO:url: None
19-44-2024 00:44:49 tv:INFO:url: None
19-44-2024 00:44:49 tv:INFO:url: None
19-44-2024 00:44:49 tv:INFO:url: None
19-44-2024 00:44:49 tv:INFO:url: None
19-44-2024 00:44:49 tv:INFO:url: None
19-44-2024 00:44:49 tv:INFO:url: None
19-44-2024 00:44:49 tv:INFO:url: None
19-44-2024 00:44:49 tv:INFO:url: None
19-44-2024 00:44:49 tv:INFO:url: None
19-44-2024 00:44:49 tv:INFO:url: None
19-44-2024 00:44:49 tv:INFO:url: None
19-44-2024 00:44:49 tv:INFO:url: None
19-44-2024 00:44:49 tv:INFO:url: None
19-44-2024 00:44:49 tv:INFO:url: None
19-44-2024 00:44:49 tv:INFO:url: None
19-45-2024 00:45:15 tv:INFO:page_url: https://www.foodieguide.com/iptvsearch/?page=1&s=CCTV-10
19-45-2024 00:45:58 tv:INFO:url: None
19-45-2024 00:45:58 tv:INFO:url: None
19-45-2024 00:45:58 tv:INFO:url: None
19-45-2024 00:45:58 tv:INFO:url: None
19-45-2024 00:45:58 tv:INFO:url: None
19-45-2024 00:45:58 tv:INFO:url: None
19-45-2024 00:45:58 tv:INFO:url: None
19-45-2024 00:45:58 tv:INFO:url: None
19-45-2024 00:45:58 tv:INFO:url: None
19-45-2024 00:45:58 tv:INFO:url: None
19-45-2024 00:45:58 tv:INFO:url: None
19-45-2024 00:45:58 tv:INFO:url: None
19-45-2024 00:45:58 tv:INFO:url: None
19-45-2024 00:45:58 tv:INFO:url: None
19-45-2024 00:45:58 tv:INFO:url: None
19-45-2024 00:45:58 tv:INFO:url: None
19-45-2024 00:45:58 tv:INFO:url: None
19-45-2024 00:45:58 tv:INFO:url: None
19-45-2024 00:45:58 tv:INFO:url: None
19-45-2024 00:45:58 tv:INFO:url: None
19-45-2024 00:45:58 tv:INFO:url: None
19-45-2024 00:45:58 tv:INFO:url: None
19-45-2024 00:45:58 tv:INFO:url: None
19-45-2024 00:45:58 tv:INFO:page_url: https://www.foodieguide.com/iptvsearch/?page=2&s=CCTV-10
19-46-2024 00:46:34 tv:INFO:url: None
19-46-2024 00:46:34 tv:INFO:url: None
19-46-2024 00:46:34 tv:INFO:url: None
19-46-2024 00:46:34 tv:INFO:url: None
19-46-2024 00:46:34 tv:INFO:url: None
19-46-2024 00:46:34 tv:INFO:url: None
19-46-2024 00:46:34 tv:INFO:url: None
19-46-2024 00:46:34 tv:INFO:url: None
19-46-2024 00:46:34 tv:INFO:url: None
19-46-2024 00:46:34 tv:INFO:url: None
19-46-2024 00:46:34 tv:INFO:url: None
19-46-2024 00:46:34 tv:INFO:url: None
19-46-2024 00:46:34 tv:INFO:url: None
19-46-2024 00:46:34 tv:INFO:url: None
19-46-2024 00:46:34 tv:INFO:url: None
19-46-2024 00:46:34 tv:INFO:url: None
19-46-2024 00:46:34 tv:INFO:url: None
19-46-2024 00:46:34 tv:INFO:url: None
19-46-2024 00:46:34 tv:INFO:url: None
19-46-2024 00:46:34 tv:INFO:url: None
19-46-2024 00:46:34 tv:INFO:url: None
19-46-2024 00:46:34 tv:INFO:url: None
19-46-2024 00:46:34 tv:INFO:url: None
19-46-2024 00:46:34 tv:INFO:page_url: https://www.foodieguide.com/iptvsearch/?page=3&s=CCTV-10
19-47-2024 00:47:12 tv:INFO:url: None
19-47-2024 00:47:12 tv:INFO:url: None
19-47-2024 00:47:12 tv:INFO:url: None
19-47-2024 00:47:12 tv:INFO:url: None
19-47-2024 00:47:12 tv:INFO:url: None
19-47-2024 00:47:12 tv:INFO:url: None
19-47-2024 00:47:12 tv:INFO:url: None
19-47-2024 00:47:12 tv:INFO:url: None
19-47-2024 00:47:12 tv:INFO:url: None
19-47-2024 00:47:12 tv:INFO:url: None
19-47-2024 00:47:12 tv:INFO:url: None
19-47-2024 00:47:12 tv:INFO:url: None
19-47-2024 00:47:12 tv:INFO:url: None
19-47-2024 00:47:12 tv:INFO:url: None
19-47-2024 00:47:12 tv:INFO:url: None
19-47-2024 00:47:12 tv:INFO:url: None
19-47-2024 00:47:12 tv:INFO:url: None
19-47-2024 00:47:12 tv:INFO:url: None
19-47-2024 00:47:12 tv:INFO:url: None
19-47-2024 00:47:12 tv:INFO:url: None
19-47-2024 00:47:12 tv:INFO:url: None
19-47-2024 00:47:12 tv:INFO:url: None
19-47-2024 00:47:12 tv:INFO:url: None
19-47-2024 00:47:12 tv:INFO:page_url: https://www.foodieguide.com/iptvsearch/?page=4&s=CCTV-10
19-47-2024 00:47:40 tv:INFO:url: None
19-47-2024 00:47:40 tv:INFO:url: None
19-47-2024 00:47:40 tv:INFO:url: None
19-47-2024 00:47:40 tv:INFO:url: None
19-47-2024 00:47:40 tv:INFO:url: None
19-47-2024 00:47:40 tv:INFO:url: None
19-47-2024 00:47:40 tv:INFO:url: None
19-47-2024 00:47:40 tv:INFO:url: None
19-47-2024 00:47:40 tv:INFO:url: None
19-47-2024 00:47:40 tv:INFO:url: None
19-47-2024 00:47:40 tv:INFO:url: None
19-47-2024 00:47:40 tv:INFO:url: None
19-47-2024 00:47:40 tv:INFO:url: None
19-47-2024 00:47:40 tv:INFO:url: None
19-47-2024 00:47:40 tv:INFO:url: None
19-47-2024 00:47:40 tv:INFO:url: None
19-47-2024 00:47:40 tv:INFO:url: None
19-47-2024 00:47:40 tv:INFO:url: None
19-47-2024 00:47:40 tv:INFO:url: None
19-47-2024 00:47:40 tv:INFO:url: None
19-47-2024 00:47:40 tv:INFO:url: None
19-47-2024 00:47:40 tv:INFO:url: None
19-47-2024 00:47:40 tv:INFO:url: None
19-48-2024 00:48:03 tv:INFO:page_url: https://www.foodieguide.com/iptvsearch/?page=1&s=CCTV-11
19-48-2024 00:48:33 tv:INFO:url: None
19-48-2024 00:48:33 tv:INFO:url: None
19-48-2024 00:48:33 tv:INFO:url: None
19-48-2024 00:48:33 tv:INFO:url: None
19-48-2024 00:48:33 tv:INFO:url: None
19-48-2024 00:48:33 tv:INFO:url: None
19-48-2024 00:48:33 tv:INFO:url: None
19-48-2024 00:48:33 tv:INFO:url: None
19-48-2024 00:48:33 tv:INFO:url: None
19-48-2024 00:48:33 tv:INFO:url: None
19-48-2024 00:48:33 tv:INFO:url: None
19-48-2024 00:48:33 tv:INFO:url: None
19-48-2024 00:48:33 tv:INFO:url: None
19-48-2024 00:48:33 tv:INFO:url: None
19-48-2024 00:48:33 tv:INFO:url: None
19-48-2024 00:48:33 tv:INFO:url: None
19-48-2024 00:48:33 tv:INFO:url: None
19-48-2024 00:48:33 tv:INFO:url: None
19-48-2024 00:48:33 tv:INFO:url: None
19-48-2024 00:48:33 tv:INFO:url: None
19-48-2024 00:48:33 tv:INFO:url: None
19-48-2024 00:48:33 tv:INFO:url: None
19-48-2024 00:48:33 tv:INFO:url: None
19-48-2024 00:48:33 tv:INFO:page_url: https://www.foodieguide.com/iptvsearch/?page=2&s=CCTV-11
19-48-2024 00:48:59 tv:INFO:url: None
19-48-2024 00:48:59 tv:INFO:url: None
19-48-2024 00:48:59 tv:INFO:url: None
19-48-2024 00:48:59 tv:INFO:url: None
19-48-2024 00:48:59 tv:INFO:url: None
19-48-2024 00:48:59 tv:INFO:url: None
19-48-2024 00:48:59 tv:INFO:url: None
19-48-2024 00:48:59 tv:INFO:url: None
19-48-2024 00:48:59 tv:INFO:url: None
19-48-2024 00:48:59 tv:INFO:url: None
19-48-2024 00:48:59 tv:INFO:url: None
19-48-2024 00:48:59 tv:INFO:url: None
19-48-2024 00:48:59 tv:INFO:url: None
19-48-2024 00:48:59 tv:INFO:url: None
19-48-2024 00:48:59 tv:INFO:url: None
19-48-2024 00:48:59 tv:INFO:url: None
19-48-2024 00:48:59 tv:INFO:url: None
19-48-2024 00:48:59 tv:INFO:url: None
19-48-2024 00:48:59 tv:INFO:url: None
19-48-2024 00:48:59 tv:INFO:url: None
19-48-2024 00:48:59 tv:INFO:url: None
19-48-2024 00:48:59 tv:INFO:url: None
19-48-2024 00:48:59 tv:INFO:url: None
19-48-2024 00:48:59 tv:INFO:page_url: https://www.foodieguide.com/iptvsearch/?page=3&s=CCTV-11
19-49-2024 00:49:23 tv:INFO:url: None
19-49-2024 00:49:23 tv:INFO:url: None
19-49-2024 00:49:23 tv:INFO:url: None
19-49-2024 00:49:23 tv:INFO:url: None
19-49-2024 00:49:23 tv:INFO:url: None
19-49-2024 00:49:23 tv:INFO:url: None
19-49-2024 00:49:23 tv:INFO:url: None
19-49-2024 00:49:23 tv:INFO:url: None
19-49-2024 00:49:23 tv:INFO:url: None
19-49-2024 00:49:23 tv:INFO:url: None
19-49-2024 00:49:23 tv:INFO:url: None
19-49-2024 00:49:23 tv:INFO:url: None
19-49-2024 00:49:23 tv:INFO:url: None
19-49-2024 00:49:23 tv:INFO:url: None
19-49-2024 00:49:23 tv:INFO:url: None
19-49-2024 00:49:23 tv:INFO:url: None
19-49-2024 00:49:23 tv:INFO:url: None
19-49-2024 00:49:23 tv:INFO:url: None
19-49-2024 00:49:23 tv:INFO:url: None
19-49-2024 00:49:23 tv:INFO:url: None
19-49-2024 00:49:23 tv:INFO:url: None
19-49-2024 00:49:23 tv:INFO:url: None
19-49-2024 00:49:23 tv:INFO:url: None
19-49-2024 00:49:23 tv:INFO:page_url: https://www.foodieguide.com/iptvsearch/?page=4&s=CCTV-11
19-49-2024 00:49:53 tv:INFO:url: None
19-49-2024 00:49:53 tv:INFO:url: None
19-49-2024 00:49:53 tv:INFO:url: None
19-49-2024 00:49:53 tv:INFO:url: None
19-49-2024 00:49:53 tv:INFO:url: None
19-49-2024 00:49:53 tv:INFO:url: None
19-49-2024 00:49:53 tv:INFO:url: None
19-49-2024 00:49:53 tv:INFO:url: None
19-49-2024 00:49:53 tv:INFO:url: None
19-49-2024 00:49:53 tv:INFO:url: None
19-49-2024 00:49:53 tv:INFO:url: None
19-49-2024 00:49:53 tv:INFO:url: None
19-49-2024 00:49:53 tv:INFO:url: None
19-50-2024 00:50:18 tv:INFO:page_url: https://www.foodieguide.com/iptvsearch/?page=1&s=CCTV-12
19-50-2024 00:50:59 tv:INFO:url: None
19-50-2024 00:50:59 tv:INFO:url: None
19-50-2024 00:50:59 tv:INFO:url: None
19-50-2024 00:50:59 tv:INFO:url: None
19-50-2024 00:50:59 tv:INFO:url: None
19-50-2024 00:50:59 tv:INFO:url: None
19-50-2024 00:50:59 tv:INFO:url: None
19-50-2024 00:50:59 tv:INFO:url: None
19-50-2024 00:50:59 tv:INFO:url: None
19-50-2024 00:50:59 tv:INFO:url: None
19-50-2024 00:50:59 tv:INFO:url: None
19-50-2024 00:50:59 tv:INFO:url: None
19-50-2024 00:50:59 tv:INFO:url: None
19-50-2024 00:50:59 tv:INFO:url: None
19-50-2024 00:50:59 tv:INFO:url: None
19-50-2024 00:50:59 tv:INFO:url: None
19-50-2024 00:50:59 tv:INFO:url: None
19-50-2024 00:50:59 tv:INFO:url: None
19-50-2024 00:50:59 tv:INFO:url: None
19-50-2024 00:50:59 tv:INFO:url: None
19-50-2024 00:50:59 tv:INFO:url: None
19-50-2024 00:50:59 tv:INFO:url: None
19-50-2024 00:50:59 tv:INFO:url: None
19-50-2024 00:50:59 tv:INFO:page_url: https://www.foodieguide.com/iptvsearch/?page=2&s=CCTV-12
19-51-2024 00:51:40 tv:INFO:url: None
19-51-2024 00:51:40 tv:INFO:url: None
19-51-2024 00:51:40 tv:INFO:url: None
19-51-2024 00:51:40 tv:INFO:url: None
19-51-2024 00:51:40 tv:INFO:url: None
19-51-2024 00:51:40 tv:INFO:url: None
19-51-2024 00:51:40 tv:INFO:url: None
19-51-2024 00:51:40 tv:INFO:url: None
19-51-2024 00:51:40 tv:INFO:url: None
19-51-2024 00:51:40 tv:INFO:url: None
19-51-2024 00:51:40 tv:INFO:url: None
19-51-2024 00:51:40 tv:INFO:url: None
19-51-2024 00:51:40 tv:INFO:url: None
19-51-2024 00:51:40 tv:INFO:url: None
19-51-2024 00:51:40 tv:INFO:url: None
19-51-2024 00:51:40 tv:INFO:url: None
19-51-2024 00:51:40 tv:INFO:url: None
19-51-2024 00:51:40 tv:INFO:url: None
19-51-2024 00:51:40 tv:INFO:url: None
19-51-2024 00:51:40 tv:INFO:url: None
19-51-2024 00:51:40 tv:INFO:url: None
19-51-2024 00:51:40 tv:INFO:url: None
19-51-2024 00:51:40 tv:INFO:url: None
19-51-2024 00:51:40 tv:INFO:page_url: https://www.foodieguide.com/iptvsearch/?page=3&s=CCTV-12
19-52-2024 00:52:14 tv:INFO:url: None
19-52-2024 00:52:14 tv:INFO:url: None
19-52-2024 00:52:14 tv:INFO:url: None
19-52-2024 00:52:14 tv:INFO:url: None
19-52-2024 00:52:14 tv:INFO:url: None
19-52-2024 00:52:14 tv:INFO:url: None
19-52-2024 00:52:14 tv:INFO:url: None
19-52-2024 00:52:14 tv:INFO:url: None
19-52-2024 00:52:14 tv:INFO:url: None
19-52-2024 00:52:14 tv:INFO:url: None
19-52-2024 00:52:14 tv:INFO:url: None
19-52-2024 00:52:14 tv:INFO:url: None
19-52-2024 00:52:14 tv:INFO:url: None
19-52-2024 00:52:14 tv:INFO:url: None
19-52-2024 00:52:14 tv:INFO:url: None
19-52-2024 00:52:14 tv:INFO:url: None
19-52-2024 00:52:14 tv:INFO:url: None
19-52-2024 00:52:14 tv:INFO:url: None
19-52-2024 00:52:14 tv:INFO:url: None
19-52-2024 00:52:14 tv:INFO:url: None
19-52-2024 00:52:14 tv:INFO:url: None
19-52-2024 00:52:14 tv:INFO:url: None
19-52-2024 00:52:14 tv:INFO:url: None
19-52-2024 00:52:14 tv:INFO:page_url: https://www.foodieguide.com/iptvsearch/?page=4&s=CCTV-12
19-52-2024 00:52:52 tv:INFO:url: None
19-52-2024 00:52:52 tv:INFO:url: None
19-52-2024 00:52:52 tv:INFO:url: None
19-52-2024 00:52:52 tv:INFO:url: None
19-52-2024 00:52:52 tv:INFO:url: None
19-52-2024 00:52:52 tv:INFO:url: None
19-52-2024 00:52:52 tv:INFO:url: None
19-52-2024 00:52:52 tv:INFO:url: None
19-52-2024 00:52:52 tv:INFO:url: None
19-52-2024 00:52:52 tv:INFO:url: None
19-52-2024 00:52:52 tv:INFO:url: None
19-52-2024 00:52:52 tv:INFO:url: None
19-52-2024 00:52:52 tv:INFO:url: None
19-52-2024 00:52:52 tv:INFO:url: None
19-52-2024 00:52:52 tv:INFO:url: None
19-52-2024 00:52:52 tv:INFO:url: None
19-52-2024 00:52:52 tv:INFO:url: None
19-52-2024 00:52:52 tv:INFO:url: None
19-52-2024 00:52:52 tv:INFO:url: None
19-52-2024 00:52:52 tv:INFO:url: None
