Connection pool is full, discarding connection: mirror.ghproxy.com. Connection pool size: 10
Connection pool is full, discarding connection: mirror.ghproxy.com. Connection pool size: 10
Connection pool is full, discarding connection: mirror.ghproxy.com. Connection pool size: 10
Connection pool is full, discarding connection: mirror.ghproxy.com. Connection pool size: 10
Connection pool is full, discarding connection: mirror.ghproxy.com. Connection pool size: 10
Connection pool is full, discarding connection: ghp.ci. Connection pool size: 10
Connection pool is full, discarding connection: ghp.ci. Connection pool size: 10
Connection pool is full, discarding connection: ghp.ci. Connection pool size: 10
Connection pool is full, discarding connection: ghp.ci. Connection pool size: 10
Connection pool is full, discarding connection: ghp.ci. Connection pool size: 10
Connection pool is full, discarding connection: ghp.ci. Connection pool size: 10
Connection pool is full, discarding connection: ghp.ci. Connection pool size: 10
Name: CCTV-1综合, URL: http://[2409:8087:1a01:df::7005]/ottrrs.hl.chinamobile.com/TVOD/88888888/224/3221226559/index.m3u8$订阅源, Date: None, Resolution: None, Response Time: 0 ms
Name: CCTV-1综合, URL: http://[2409:8087:5e00:24::1e]:6060/200000001898/460000089800010045/1.m3u8$订阅源, Date: None, Resolution: None, Response Time: 0 ms
Name: CCTV-1综合, URL: http://[2409:8087:74d9:21::6]:80/270000001322/69900158041111100000002133/index.m3u8$订阅源, Date: None, Resolution: None, Response Time: 0 ms
Name: CCTV-1综合, URL: http://[2409:8087:1a01:df::7005]:80/ottrrs.hl.chinamobile.com/TVOD/88888888/224/3221226559/index.m3u8$订阅源, Date: None, Resolution: None, Response Time: 0 ms
Name: CCTV-1综合, URL: http://[2409:8087:1a01:df::4077]/PLTV/88888888/224/3221225816/index.m3u8$订阅源, Date: None, Resolution: None, Response Time: 0 ms
Name: CCTV-1综合, URL: http://[2409:8087:2801:22:100::7d]/wh7f454c46tw3073776522_1064749656/hwltc.tv.cdn.zj.chinamobile.com/PLTV/88888888/224/3221236222/index.m3u8?icpid=88888888&RTS=1717809603&from=5&ocs=2_2409:8087:2801:22:100::74_80&hms_devid=323&online=1717809603&vqe=3$订阅源, Date: None, Resolution: None, Response Time: 0 ms
Name: CCTV-1综合, URL: http://[2409:8087:1a0a:df::404b]:80/ottrrs.hl.chinamobile.com/PLTV/88888888/224/3221226016/index.m3u8$订阅源, Date: None, Resolution: None, Response Time: 0 ms
Name: CCTV-1综合, URL: http://[2409:8087:1a0a:df::4031]:80/wh7f454c46tw705163907_345094122/ottrrs.hl.chinamobile.com/PLTV/88888888/224/3221226016/index.m3u8?icpid=88888888&RTS=1713967534&from=4&hms_devid=1143&online=1713967534&vqe=3$订阅源, Date: None, Resolution: None, Response Time: 0 ms
Name: CCTV-1综合, URL: http://[2409:8087:5e08:24::11]:6610/000000001000/1000000005000265001/1.m3u8?channel-id=ystenlive&Contentid=1000000005000265001&livemode=1&stbId=3$订阅源, Date: None, Resolution: None, Response Time: 0 ms
Name: CCTV-1综合, URL: http://[2409:8087:1e03:21::42]:6610/cms001/ch00000090990000001022/index.m3u8?$订阅源, Date: None, Resolution: None, Response Time: 0 ms
Name: CCTV-1综合, URL: http://[2409:8087:5e00:24::11]:6060/200000001898/460000089800010144/$订阅源, Date: None, Resolution: None, Response Time: 0 ms
Name: CCTV-1综合, URL: http://[2409:8087:5e01:34::20]:6610/ZTE_CMS/00000001000000060000000000000131/index.m3u8?IAS$订阅源, Date: None, Resolution: None, Response Time: 0 ms
Name: CCTV-1综合, URL: http://[2409:8087:1a01:df::4077]:80/ottrrs.hl.chinamobile.com/PLTV/88888888/224/3221226016/index.m3u8$订阅源, Date: None, Resolution: None, Response Time: 0 ms
Name: CCTV-1综合, URL: http://[2409:8087:3c02:0021:0000:0001:0000:100a]:6410/shandong_cabletv.live.zte.com////CHANNEL00000001/index.m3u8?IASHttpSessionId=$订阅源, Date: None, Resolution: None, Response Time: 0 ms
Name: CCTV-1综合, URL: http://[2409:8087:74f0:22::4]:6610/270000001128/9900000501/index.m3u8?channel-id=newtv&livemode=4&Contentid=9900000501$订阅源, Date: None, Resolution: None, Response Time: 0 ms
Name: CCTV-1综合, URL: http://[2409:8087:4c0a:22:1::11]:6410/170000001115/UmaiCHAN111128BESTVSMGSMG/index.m3u8?AuthInfo=9kOOdBn7MFF%2F2bWjKgahUU6FFmRK8Hl0ytyd5e5kWGEwoDIwMxbrlyyVy9x6ZDKnldIYKOjBOUjRyoym5n7Kg0yIYstFTUfqtC14fzxhy5Y$订阅源, Date: None, Resolution: None, Response Time: 0 ms
Name: CCTV-1综合, URL: http://[2409:8087:74f0:22::4]:6410/270000001128/9900000001/index.m3u8?$订阅源, Date: None, Resolution: None, Response Time: 0 ms
Name: CCTV-1综合, URL: http://[2409:8087:5e00:24::10]:6060/200000001898/460000089800010144/$订阅源, Date: None, Resolution: None, Response Time: 0 ms
Name: CCTV-1综合, URL: http://[2409:8087:3c02:21:0:1:0:100a]:6410/shandong_cabletv.live.zte.com////CHANNEL00000311/index.m3u8?IASHttpSessionId=$订阅源, Date: None, Resolution: None, Response Time: 0 ms
Name: CCTV-2财经, URL: http://[2409:8087:1a01:df::406f]:80/wh7f454c46tw1241164675_1575082505/ottrrs.hl.chinamobile.com/PLTV/88888888/224/3221226540/index.m3u8?icpid=88888888&RTS=1713968070&from=4&hms_devid=692&prioritypopid=4&online=1713968070&vqe=3$订阅源, Date: None, Resolution: None, Response Time: 0 ms
Name: CCTV-2财经, URL: http://[2409:8087:5e01:34::38]:6610/ZTE_CMS/00000001000000060000000000000372/index.m3u8?$订阅源, Date: None, Resolution: None, Response Time: 0 ms
Name: CCTV-2财经, URL: http://[2409:8087:2001:20:2800:0:df6e:eb0d]:80/wh7f454c46tw1528922594_677066330/ott.mobaibox.com/PLTV/3/224/3221227708/index.m3u8?icpid=3&RTS=1674385939&from=40&popid=40&hms_devid=2040&prioritypopid=40&vqe=3$订阅源, Date: None, Resolution: None, Response Time: 0 ms
Name: CCTV-2财经, URL: http://[2409:8087:5e01:34::22]:6610/ZTE_CMS/00000001000000060000000000000372/index.m3u8?IAS$订阅源, Date: None, Resolution: None, Response Time: 0 ms
Name: CCTV-3综艺, URL: http://[2409:8087:1a0a:df::404e]:80/wh7f454c46tw1306766403_-33994166/ottrrs.hl.chinamobile.com/PLTV/88888888/224/3221226021/index.m3u8$订阅源, Date: None, Resolution: None, Response Time: 0 ms
Name: CCTV-3综艺, URL: http://[2409:8087:1a01:df::4041]:80/TVOD/88888888/224/3221225799/main.m3u8$订阅源, Date: None, Resolution: None, Response Time: 0 ms
Name: CCTV-3综艺, URL: http://[2409:8087:2001:20:2800:0:df6e:eb18]:80/wh7f454c46tw1926180487_-439218358/ott.mobaibox.com/PLTV/3/224/3221228126/index.m3u8?$订阅源, Date: None, Resolution: None, Response Time: 0 ms
Name: CCTV-3综艺, URL: http://[2409:8087:1a01:df::4041]/TVOD/88888888/224/3221225799/main.m3u8$订阅源, Date: None, Resolution: None, Response Time: 0 ms
Name: CCTV-4中文国际, URL: http://[2409:8087:1a0a:df::4032]:80/wh7f454c46tw1452344678_931674717/ottrrs.hl.chinamobile.com/PLTV/88888888/224/3221226428/index.m3u8$订阅源, Date: None, Resolution: None, Response Time: 0 ms
Name: CCTV-4中文国际, URL: http://[2409:8087:74f0:22::5]:6410/270000001128/9900000503/index.m3u8?channel-id=newtv&livemode=4&Contentid=9900000056$订阅源, Date: None, Resolution: None, Response Time: 0 ms
Name: CCTV-4中文国际, URL: http://[2409:8087:74d9:21::9]:80/270000001128/index.m3u8?cmcc_cid=9900000503$订阅源, Date: None, Resolution: None, Response Time: 0 ms
Name: CCTV-4中文国际, URL: http://[2409:8087:2001:20:2800:0:df6e:eb21]:80/PLTV/1/224/3221231032/1.m3u8$订阅源, Date: None, Resolution: None, Response Time: 0 ms
Name: CCTV-4中文国际, URL: http://[2409:8087:5e01:34::23]:6610/ZTE_CMS/00000001000000060000000000000485/index.m3u8?IAS$订阅源, Date: None, Resolution: None, Response Time: 0 ms
Name: CCTV-5体育, URL: http://[2409:8087:1a0a:df::4017]:80/wh7f454c46tw1517328845_1706942365/ottrrs.hl.chinamobile.com/PLTV/88888888/224/3221226019/index.m3u8$订阅源, Date: None, Resolution: None, Response Time: 0 ms
Name: CCTV-6电影, URL: http://[2409:8087:1a0a:df::4038]:80/wh7f454c46tw1592771597_580809367/ottrrs.hl.chinamobile.com/PLTV/88888888/224/3221226010/index.m3u8$订阅源, Date: None, Resolution: None, Response Time: 0 ms
Name: CCTV-7国防军事, URL: http://[2409:8087:1a0a:df::400f]:80/wh7f454c46tw1639845910_217588519/ottrrs.hl.chinamobile.com/PLTV/88888888/224/3221225733/index.m3u8$订阅源, Date: None, Resolution: None, Response Time: 0 ms
Name: CCTV-8电视剧, URL: http://[2409:8087:1a01:df::4051]:80/TVOD/88888888/224/3221225795/main.m3u8$订阅源, Date: None, Resolution: None, Response Time: 0 ms
Name: CCTV-8电视剧, URL: http://[2409:8087:1a0a:df::4036]:80/wh7f454c46tw1670555715_-98597522/ottrrs.hl.chinamobile.com/PLTV/88888888/224/3221226008/index.m3u8?icpid=88888888&RTS=1713968499&from=4&hms_devid=1209&online=1713968499&vqe=3$订阅源, Date: None, Resolution: None, Response Time: 0 ms
Name: CCTV-8电视剧, URL: http://[2409:8087:2001:20:2800:0:df6e:eb17]:80/wh7f454c46tw94469366_159744225/ott.mobaibox.com/PLTV/3/224/3221227629/index.m3u8?icpid=3&RTS=1674380209&from=40&popid=40&hms_devid=2114&prioritypopid=40&vqe=3$订阅源, Date: None, Resolution: None, Response Time: 0 ms
Name: CCTV-9纪录, URL: http://[2409:8087:1a0a:df::4015]:80/wh7f454c46tw1711975279_-1056895978/ottrrs.hl.chinamobile.com/PLTV/88888888/224/3221225734/index.m3u8?icpid=88888888&RTS=1713968540&from=4&hms_devid=992&online=1713968540&vqe=3$订阅源, Date: None, Resolution: None, Response Time: 0 ms
Name: CCTV-10科教, URL: http://[2409:8087:1a0a:df::4035]:80/wh7f454c46tw1741373816_102984390/ottrrs.hl.chinamobile.com/PLTV/88888888/224/3221225730/index.m3u8?icpid=88888888&RTS=1713968570&from=4&hms_devid=1209&online=1713968570&vqe=3$订阅源, Date: None, Resolution: None, Response Time: 0 ms
Name: CCTV-10科教, URL: http://[2409:8087:7000:20::4]:80/dbiptv.sn.chinamobile.com/PLTV/88888888/224/3221226189/1.m3u8$订阅源, Date: None, Resolution: None, Response Time: 0 ms
Name: CCTV-11戏曲, URL: http://[2409:8087:1a0a:df::4016]:80/wh7f454c46tw1773849430_946809046/ottrrs.hl.chinamobile.com/PLTV/88888888/224/3221225597/index.m3u8?icpid=88888888&RTS=1713968602&from=4&hms_devid=992&online=1713968602&vqe=3$订阅源, Date: None, Resolution: None, Response Time: 0 ms
Name: CCTV-12社会与法, URL: http://[2409:8087:74F1:0021::0008]:80/270000001322/69900158041111100000002147/index.m3u8$订阅源, Date: None, Resolution: None, Response Time: 0 ms
Name: CCTV-13新闻, URL: http://[2409:8087:74f0:22::7]:6410/270000001128/9900000510/index.m3u8?channel-id=newtv&livemode=4&Contentid=9900000010$订阅源, Date: None, Resolution: None, Response Time: 0 ms
Name: CCTV-13新闻, URL: http://[2409:8087:1a0a:df::402d]:80/wh7f454c46tw1865416231_2120705273/ottrrs.hl.chinamobile.com/PLTV/88888888/224/3221226537/index.m3u8?icpid=88888888&RTS=1713968694&from=4&hms_devid=1103&online=1713968694&vqe=3$订阅源, Date: None, Resolution: None, Response Time: 0 ms
Name: CCTV-13新闻, URL: http://[2409:8087:1a0a:df::4033]:80/wh7f454c46tw1917467835_-2108786972/ottrrs.hl.chinamobile.com/PLTV/88888888/224/3221226537/index.m3u8?icpid=88888888&RTS=1713968746&from=4&hms_devid=1145&online=1713968746&vqe=3$订阅源, Date: None, Resolution: None, Response Time: 0 ms
Name: CCTV-14少儿, URL: http://[2409:8087:1a0a:df::404d]:80/wh7f454c46tw1988565230_-380430064/ottrrs.hl.chinamobile.com/PLTV/88888888/224/3221225732/index.m3u8CCTV16%E5%A5%A5%E6%9E%97%E5%8C%B9%E5%85%8B?icpid=88888888&RTS=1713968817&from=4&hms_devid=1208&online=1713968817&vqe=3$订阅源, Date: None, Resolution: None, Response Time: 0 ms
Name: CCTV-15音乐, URL: http://[2409:8087:1a01:df::4033]:80/TVOD/88888888/224/3221226127/main.m3u8$订阅源, Date: None, Resolution: None, Response Time: 0 ms
Name: CCTV-16奥林匹克, URL: http://[2409:8087:1a0a:df::4030]:80/wh7f454c46tw2135331742_-653554677/ottrrs.hl.chinamobile.com/PLTV/88888888/224/3221226100/index.m3u8$订阅源, Date: None, Resolution: None, Response Time: 0 ms
Name: CCTV-16奥林匹克, URL: http://[2409:8087:1a0b:df::4020]:80/ottrrs.hl.chinamobile.com/PLTV/88888888/224/3221226100/index.m3u8$订阅源, Date: None, Resolution: None, Response Time: 0 ms
Name: CCTV-16奥林匹克, URL: http://[2409:8087:2001:20:2800:0:df6e:eb19]:80/wh7f454c46tw1269761993_1267691970/ott.mobaibox.com/PLTV/3/224/3221228320/index.m3u8?$订阅源, Date: None, Resolution: None, Response Time: 0 ms
Name: CCTV-16奥林匹克, URL: http://[2409:8087:2001:20:2800:0:df6e:eb05]:80/PLTV/1/224/3221230984/1.m3u8$订阅源, Date: None, Resolution: None, Response Time: 0 ms
Name: CCTV-17农业农村, URL: http://[2409:8087:1a01:df::4025]:80/TVOD/88888888/224/3221225708/main.m3u8$订阅源, Date: None, Resolution: None, Response Time: 0 ms
Name: CCTV-17农业农村, URL: http://[2409:8087:2001:20:2800:0:df6e:eb0b]:80/wh7f454c46tw1746687450_313977963/ott.mobaibox.com/PLTV/3/224/3221227726/index.m3u8?icpid=3&RTS=1674386157&from=40&popid=40&hms_devid=2038&prioritypopid=40&vqe=3$订阅源, Date: None, Resolution: None, Response Time: 0 ms
Name: CHC动作电影, URL: http://[2409:8087:1a01:df::4021]:80/TVOD/88888888/224/3221225555/main.m3u8$订阅源, Date: None, Resolution: None, Response Time: 0 ms
Name: CHC动作电影, URL: http://[2001:250:5800:1005::155]:80/liverespath/e0096742f0c5be4c5225cf3c7ab1077177bec05f/index.m3u8$订阅源, Date: None, Resolution: None, Response Time: 0 ms
Name: CCTV-世界地理, URL: http://[2409:8087:7001:20:2::3]:80/dbiptv.sn.chinamobile.com/PLTV/88888893/224/3221226947/index.m3u8$订阅源, Date: None, Resolution: None, Response Time: 0 ms
Name: CCTV-4K, URL: http://[2409:8087:2001:20:2800:0:df6e:eb13]/ott.mobaibox.com/PLTV/3/224/3221228228/index.m3u8$订阅源, Date: None, Resolution: None, Response Time: 0 ms
Name: 安徽卫视, URL: http://[2409:8087:5e08:24::17]:6610/000000001000/1000000001000020780/index.m3u8?channel-id=bestzb&Contentid=1000000001000020780&livemode=1&stbId=3$订阅源, Date: None, Resolution: None, Response Time: 0 ms
Name: 安徽卫视, URL: http://[2409:8087:3428:20:500::100f]:6610/PLTV/88888888/224/3221227178/index.m3u8?servicetype=1&IASHttpSessionId=RR423820220409134714119178$订阅源, Date: None, Resolution: None, Response Time: 0 ms
Name: 安徽卫视, URL: http://[2409:8087:2001:20:2800:0:df6e:eb13]:80/ott.mobaibox.com/PLTV/4/224/3221227558/index.m3u8$订阅源, Date: None, Resolution: None, Response Time: 0 ms
Name: 安徽卫视, URL: http://[2409:8087:1e03:21::2]:6060/cms001/ch00000090990000001037/index.m3u8$订阅源, Date: None, Resolution: None, Response Time: 0 ms
Name: 安徽卫视, URL: http://[2409:8087:3869:8021:1001::e5]:6610/PLTV/88888888/224/3221225691/2/index.m3u8$订阅源, Date: None, Resolution: None, Response Time: 0 ms
Name: 北京卫视, URL: http://[2409:8087:1a0a:df::4010]:80/wh7f454c46tw3521118935_826740184/ottrrs.hl.chinamobile.com/PLTV/88888888/224/3221225728/index.m3u8?icpid=88888888&RTS=1713970350&from=4&hms_devid=771&online=1713970350&vqe=3$订阅源, Date: None, Resolution: None, Response Time: 0 ms
Name: 北京卫视, URL: http://[2409:8087:74f0:22::6]:6410/270000001128/9900000516/index.m3u8?channel-id=newtv&livemode=4&Contentid=9900000516$订阅源, Date: None, Resolution: None, Response Time: 0 ms
Name: 北京卫视, URL: http://[2409:8087:2001:20:2800:0:df6e:eb24]:80/wh7f454c46tw1929426305_708351096/ott.mobaibox.com/PLTV/3/224/3221228410/index.m3u8?icpid=3&RTS=1674386339&from=40&popid=40&hms_devid=2292&prioritypopid=40&vqe=3$订阅源, Date: None, Resolution: None, Response Time: 0 ms
Name: 东南卫视, URL: http://[2409:8087:1a01:df::4035]:80/TVOD/88888888/224/3221225950/main.m3u8$订阅源, Date: None, Resolution: None, Response Time: 0 ms
Name: 甘肃卫视, URL: http://[2409:8c02:21c:60::2b]/live.rxip.sc96655.com/live/gsws_4000.m3u8$订阅源, Date: None, Resolution: None, Response Time: 0 ms
Name: 甘肃卫视, URL: http://[2409:8087:1a0b:df::4005]:80/ottrrs.hl.chinamobile.com/TVOD/88888888/224/3221225633/index.m3u8$订阅源, Date: None, Resolution: None, Response Time: 0 ms
Name: 广东卫视, URL: http://[2409:8087:1a0a:df::4011]:80/wh7f454c46tw2785724078_-429391256/ottrrs.hl.chinamobile.com/PLTV/88888888/224/3221226248/index.m3u8$订阅源, Date: None, Resolution: None, Response Time: 0 ms
Name: 广西卫视, URL: http://[2409:8087:1a0a:df::404a]:80/wh7f454c46tw2753758345_1620272844/ottrrs.hl.chinamobile.com/PLTV/88888888/224/3221226380/index.m3u8?icpid=88888888&RTS=1713969582&from=4&hms_devid=1212&online=1713969582&vqe=3$订阅源, Date: None, Resolution: None, Response Time: 0 ms
Name: 广西卫视, URL: http://[2409:8087:1a01:df::4047]:80/TVOD/88888888/224/3221226091/main.m3u8$订阅源, Date: None, Resolution: None, Response Time: 0 ms
Name: 贵州卫视, URL: http://[2409:8087:1a0a:df::402c]:80/wh7f454c46tw3713977475_-1473008417/ottrrs.hl.chinamobile.com/PLTV/88888888/224/3221226474/index.m3u8$订阅源, Date: None, Resolution: None, Response Time: 0 ms
Name: 贵州卫视, URL: http://[2409:8087:1a01:df::4030]:80/TVOD/88888888/224/3221225974/main.m3u8$订阅源, Date: None, Resolution: None, Response Time: 0 ms
Name: 贵州卫视, URL: http://[2409:8087:3428:20:500::1009]:6610/PLTV/88888888/224/3221225838/index.m3u8?servicetype=1&IASHttpSessionId=RR423820220409134714119178$订阅源, Date: None, Resolution: None, Response Time: 0 ms
Name: 海南卫视, URL: http://[2409:8087:1e03:21::11]:6610/cms001/ch00000090990000001183/index.m3u8?$订阅源, Date: None, Resolution: None, Response Time: 0 ms
Name: 河北卫视, URL: http://[2409:8087:1a0a:df::4039]:80/wh7f454c46tw3680775025_-27616430/ottrrs.hl.chinamobile.com/PLTV/88888888/224/3221226406/index.m3u8?icpid=88888888&RTS=1713970509&from=4&hms_devid=1212&online=1713970509&vqe=3$订阅源, Date: None, Resolution: None, Response Time: 0 ms
Name: 河南卫视, URL: http://[2409:8087:1a0a:df::402b]:80/wh7f454c46tw3580436585_-1356766422/ottrrs.hl.chinamobile.com/PLTV/88888888/224/3221226480/index.m3u8$订阅源, Date: None, Resolution: None, Response Time: 0 ms
Name: 黑龙江卫视, URL: http://[2409:8087:1a01:df::4001]:80/ottrrs.hl.chinamobile.com/PLTV/88888888/224/3221226327/index.m3u8$订阅源, Date: None, Resolution: None, Response Time: 0 ms
Name: 黑龙江卫视, URL: http://[2409:8087:2001:20:2800:0:df6e:eb16]:80/ott.mobaibox.com/PLTV/4/224/3221227514/index.m3u8$订阅源, Date: None, Resolution: None, Response Time: 0 ms
Name: 湖北卫视, URL: http://[2409:8087:2001:20:2800:0:df6e:eb10]:80/ott.mobaibox.com/PLTV/4/224/3221227479/index.m3u8$订阅源, Date: None, Resolution: None, Response Time: 0 ms
Name: 湖南卫视, URL: http://[2409:8087:1a0a:df::402e]:80/wh7f454c46tw3107212859_-133726409/ottrrs.hl.chinamobile.com/PLTV/88888888/224/3221225610/index.m3u8?icpid=88888888&RTS=1713969936&from=4&hms_devid=1103&online=1713969936&vqe=3$订阅源, Date: None, Resolution: None, Response Time: 0 ms
Name: 湖南卫视, URL: http://[2409:8087:1a0a:df::4018]:80/wh7f454c46tw3074498827_-624608810/ottrrs.hl.chinamobile.com/PLTV/88888888/224/3221226307/index.m3u8?icpid=88888888&RTS=1713969903&from=4&hms_devid=990&online=1713969903&vqe=3$订阅源, Date: None, Resolution: None, Response Time: 0 ms
Name: 吉林卫视, URL: http://[2409:8087:5e08:24::8]:6610/000000001000/5000000011000031117/index.m3u8?channel-id=bestzb&Contentid=5000000011000031117&livemode=1&stbId=3$订阅源, Date: None, Resolution: None, Response Time: 0 ms
Name: 江苏卫视, URL: http://[2409:8087:1a0a:df::402f]:80/wh7f454c46tw3223665652_2134146582/ottrrs.hl.chinamobile.com/PLTV/88888888/224/3221226310/index.m3u8$订阅源, Date: None, Resolution: None, Response Time: 0 ms
Name: 江苏卫视, URL: http://[2409:8087:4c0a:22:1::4]:6610/170000001115/UmaiCHAN111129BESTVSMGSMG/index.m3u8?AuthInfo=NUJN2wb9BN2ZpCMOWq02OFinu7ChPwzZMEr4DA515M17sMI3p4W2558kb4tCId2lGsuMahdPCa7cTmyBxd%2BPXg%3D%3D$订阅源, Date: None, Resolution: None, Response Time: 0 ms
Name: 江西卫视, URL: http://[2409:8087:1a01:df::4027]:80/TVOD/88888888/224/3221225935/main.m3u8$订阅源, Date: None, Resolution: None, Response Time: 0 ms
Name: 内蒙古卫视, URL: http://[2409:8087:1a01:df::401a]:80/wh7f454c46tw3029083262_-802204014/ottrrs.hl.chinamobile.com/PLTV/88888888/224/3221225634/index.m3u8?icpid=88888888&RTS=1713969858&from=4&hms_devid=128&prioritypopid=4&online=1713969858&vqe=3$订阅源, Date: None, Resolution: None, Response Time: 0 ms
Name: 内蒙古卫视, URL: http://[2409:8087:1a0b:df::4017]:80/ottrrs.hl.chinamobile.com/PLTV/88888888/224/3221225634/index.m3u8$订阅源, Date: None, Resolution: None, Response Time: 0 ms
Name: 宁夏卫视, URL: http://[2409:8087:1a0b:df::4004]:80/ottrrs.hl.chinamobile.com/PLTV/88888888/224/3221225632/index.m3u8$订阅源, Date: None, Resolution: None, Response Time: 0 ms
Name: 青海卫视, URL: http://[2409:8087:7000:20:1000::22]:6060/000000001000/1000000002000013359/index.m3u8$订阅源, Date: None, Resolution: None, Response Time: 0 ms
Name: 青海卫视, URL: http://[2409:8087:1a0b:df::4002]:80/ottrrs.hl.chinamobile.com/PLTV/88888888/224/3221225628/index.m3u8$订阅源, Date: None, Resolution: None, Response Time: 0 ms
Name: 青海卫视, URL: http://[2409:8087:1a0a:df::4037]:80/wh7f454c46tw2412256287_-144096703/ottrrs.hl.chinamobile.com/PLTV/88888888/224/3221226323/index.m3u8?icpid=88888888&RTS=1713969241&from=4&hms_devid=1211&online=1713969241&vqe=3$订阅源, Date: None, Resolution: None, Response Time: 0 ms
Name: 青海卫视, URL: http://[2409:8087:5000:21::1016]:8089/180000001001/00000001000000000090000000215609/index.m3u8$订阅源, Date: None, Resolution: None, Response Time: 0 ms
Name: 山东卫视, URL: http://[2409:8087:2001:20:2800:0:df6e:eb11]:80/ott.mobaibox.com/PLTV/4/224/3221227517/index.m3u8$订阅源, Date: None, Resolution: None, Response Time: 0 ms
Name: 山西卫视, URL: http://[2409:8087:5e01:34::21]:6610/ZTE_CMS/00000001000000060000000000000318/index.m3u8?IAS$订阅源, Date: None, Resolution: None, Response Time: 0 ms
Name: 山西卫视, URL: http://[2409:8087:1a0b:df::4001]:80/ottrrs.hl.chinamobile.com/PLTV/88888888/224/3221225624/index.m3u8$订阅源, Date: None, Resolution: None, Response Time: 0 ms
Name: 深圳卫视, URL: http://[2409:8087:1a0a:df::4013]:80/wh7f454c46tw2667830568_725069943/ottrrs.hl.chinamobile.com/PLTV/88888888/224/3221225739/index.m3u8?icpid=88888888&RTS=1713969496&from=4&hms_devid=773&online=1713969496&vqe=3$订阅源, Date: None, Resolution: None, Response Time: 0 ms
Name: 云南卫视, URL: http://[2409:8087:4402:20:1:1216:401:14]/iptv.cdn.ha.chinamobile.com/PLTV/88888888/224/3221226660/index.m3u8$订阅源, Date: None, Resolution: None, Response Time: 0 ms
Name: 浙江卫视, URL: http://[2409:8087:1a01:df::4043]:80/TVOD/88888888/224/3221225959/main.m3u8$订阅源, Date: None, Resolution: None, Response Time: 0 ms
Name: 浙江卫视, URL: http://[2409:8087:5e00:24::1f]:6060/ZTE_CMS/00000001000000060000000000000248/index.m3u8$订阅源, Date: None, Resolution: None, Response Time: 0 ms
Name: 重庆卫视, URL: http://[2409:8087:2001:20:2800:0:df6e:eb09]:80/ott.mobaibox.com/PLTV/4/224/3221228133/index.m3u8$订阅源, Date: None, Resolution: None, Response Time: 0 ms
Name: 安多卫视, URL: http://[2409:8087:1a0b:df::4007]:80/ottrrs.hl.chinamobile.com/TVOD/88888888/224/3221225659/index.m3u8$订阅源, Date: None, Resolution: None, Response Time: 0 ms
Name: 安多卫视, URL: http://[2409:8087:7004:20:1000::22]:6610/yinhe/2/ch00000090990000001311/index.m3u8?virtualDomain=yinhe.live_hls.zte.com$订阅源, Date: None, Resolution: None, Response Time: 0 ms
Name: 三沙卫视, URL: http://[2409:8087:5e01:34::27]:6610/ZTE_CMS/08984400000000060000000000000319/index.m3u8?IAS$订阅源, Date: None, Resolution: None, Response Time: 0 ms
Name: 黑莓电影, URL: http://[2409:8087:1a0b:df::4014]:80/ottrrs.hl.chinamobile.com/PLTV/88888888/224/3221225743/index.m3u8$订阅源, Date: None, Resolution: None, Response Time: 0 ms
Name: 东方影视, URL: http://[2409:8087:5e08:24::12]:6610/000000001000/2000000002000000013/index.m3u8?stbId=3&livemode=1&HlsProfileId=&channel-id=hnbblive&Contentid=2000000002000000013&IAS,httpSessionId=OTT19019320240419154124000281$订阅源, Date: None, Resolution: None, Response Time: 0 ms
Name: 东方影视, URL: http://[2409:8087:5e01:24::16]:6610/000000001000/2000000002000000013/index.m3u8?stbId=3&livemode=1&HlsProfileId=&channel-id=hnbblive&Contentid=2000000002000000013&IASHttpSessionId=OTT19019320240419154124000281$订阅源, Date: None, Resolution: None, Response Time: 0 ms
Name: 金鹰卡通, URL: http://[2409:8087:1a0b:df::4008]:80/ottrrs.hl.chinamobile.com/TVOD/88888888/224/3221225653/index.m3u8$订阅源, Date: None, Resolution: None, Response Time: 0 ms
Name: 黑莓动画, URL: http://[2409:8087:1a01:df::4007]:80/TVOD/88888888/224/3221225529/main.m3u8$订阅源, Date: None, Resolution: None, Response Time: 0 ms
Name: 黑莓动画, URL: http://[2409:8087:1a0b:df::4006]:80/ottrrs.hl.chinamobile.com/TVOD/88888888/224/3221225662/index.m3u8$订阅源, Date: None, Resolution: None, Response Time: 0 ms
Name: 哈哈炫动, URL: http://[2409:8087:74d9:21::4]:80/270000001128/index.m3u8?cmcc_cid=9900000069$订阅源, Date: None, Resolution: None, Response Time: 0 ms
Name: 五星体育, URL: http://[2409:8087:5e08:24::15]:6610/000000001000/2000000002000000007/index.m3u8?IAS$订阅源, Date: None, Resolution: None, Response Time: 0 ms
Name: 睛彩篮球, URL: http://[2409:8087:1a01:df::4055]:80/TVOD/88888888/224/3221225901/main.m3u8$订阅源, Date: None, Resolution: None, Response Time: 0 ms
Name: 鳳凰中文, URL: http://[2409:8087:2001:20:2800:0:df6e:eb25]:80/wh7f454c46tw2443888236_158039228/ott.mobaibox.com/PLTV/3/224/3221228527/index.m3u8?icpid=3&RTS=1674369674&from=40&popid=40&hms_devid=2292&prioritypopid=40&vqe=3$订阅源, Date: None, Resolution: None, Response Time: 0 ms
Name: 上海外语, URL: http://[2409:8087:1e04:21::102]:6060/cms001/ch00000090990000001128/1.m3u8$订阅源, Date: None, Resolution: None, Response Time: 0 ms
Name: 黑龙江少儿, URL: http://[2409:8087:1a01:df::4049]:80/TVOD/88888888/224/3221225979/main.m3u8$订阅源, Date: None, Resolution: None, Response Time: 0 ms
