Name: CCTV-1, URL: http://[2409:8087:5e00:24::1e]:6060/000000001000/1000000005000265001/1.m3u8$订阅源, Date: None, Resolution: None, Response Time: 0 ms
Name: CCTV-1, URL: http://[2409:8087:1a01:df::4077]/ottrrs.hl.chinamobile.com/PLTV/88888888/224/3221226016/index.m3u8?$订阅源, Date: None, Resolution: None, Response Time: 0 ms
Name: CCTV-1, URL: http://[2409:8087:2001:20:2800:0:df6e:eb15]:80/wh7f454c46tw1925441929_1417964840/ott.mobaibox.com/PLTV/3/224/3221227467/index.m3u8?icpid=3&RTS=1674386335&from=40&ocs=2_2409:8087:2004:20:2800:0:df6e:ec0d_80&popid=40&hms_devid=2115&prioritypopid=40&vqe=3$订阅源, Date: None, Resolution: None, Response Time: 0 ms
Name: CCTV-1, URL: http://[2409:8087:5e00:24::1f]:6060/ZTE_CMS/00000001000000060000000000000131/index.m3u8$订阅源, Date: None, Resolution: None, Response Time: 0 ms
Name: CCTV-1, URL: http://[2409:8087:74d9:21::6]:80/000000001000PLTV/88888888/224/3221226153/index.m3u8$订阅源, Date: None, Resolution: None, Response Time: 0 ms
Name: CCTV-1, URL: http://[2409:8087:74d9:21::6]/270000001322/69900158041111100000002133/index.m3u8$订阅源, Date: None, Resolution: None, Response Time: 0 ms
Name: CCTV-1, URL: http://[2409:8087:5e01:34::22]:6610/ZTE_CMS/00000001000000060000000000000131/index.m3u8?IAS$订阅源, Date: None, Resolution: None, Response Time: 0 ms
Name: CCTV-1, URL: http://[2409:8087:5e01:34::20]:6610/ZTE_CMS/00000001000000060000000000000131/index.m3u8?key=tvbox6_com$订阅源, Date: None, Resolution: None, Response Time: 0 ms
Name: CCTV-1, URL: http://[2409:8087:5e01:34::23]:6610/ZTE_CMS/00000001000000060000000000000131/index.m3u8?IAS$订阅源, Date: None, Resolution: None, Response Time: 0 ms
Name: CCTV-1, URL: http://[2409:8087:2001:20:2800:0:df6e:eb13]/ott.mobaibox.com/PLTV/3/224/3221227641/index.m3u8?$订阅源, Date: None, Resolution: None, Response Time: 0 ms
Name: CCTV-1, URL: http://[2409:8087:5e00:24::11]:6060/200000001898/460000089800010144/$订阅源, Date: None, Resolution: None, Response Time: 0 ms
Name: CCTV-1, URL: http://[2409:8087:1a01:df::7005]:80/ottrrs.hl.chinamobile.com/PLTV/88888888/224/3221226559/index.m3u8$订阅源, Date: None, Resolution: None, Response Time: 0 ms
Name: CCTV-1, URL: http://[2409:8087:7000:20:1000::22]:6060/yinhe/2/ch00000090990000001068/index.m3u8?virtualDomain=yinhe.live_hls.zte.com$订阅源, Date: None, Resolution: None, Response Time: 0 ms
Name: CCTV-1, URL: http://[2409:8087:2001:20:2800:0:df6e:eb12]:80/wh7f454c46tw3964344116_67852184/ott.mobaibox.com/PLTV/3/224/3221227675/index.m3u8?icpid=3&RTS=1674379784&from=40&ocs=2_2409:8087:2001:20:2800:0:df6e:eb0f_80&popid=40&hms_devid=2112&prioritypopid=40&vqe=3$订阅源, Date: None, Resolution: None, Response Time: 0 ms
Name: CCTV-1, URL: http://[2409:8087:7004:20:1000::22]:6610/yinhe/2/ch00000090990000001068/index.m3u8?virtualDomain=yinhe.live_hls.zte.com$订阅源, Date: None, Resolution: None, Response Time: 0 ms
Name: CCTV-1, URL: http://[2409:8087:1a01:df::4077]:80/ottrrs.hl.chinamobile.com/PLTV/88888888/224/3221226016/index.m3u8$订阅源, Date: None, Resolution: None, Response Time: 0 ms
Name: CCTV-1, URL: http://[2409:8087:4c0a:22:1::11]:6410/170000001115/UmaiCHAN111128BESTVSMGSMG/index.m3u8?AuthInfo=9kOOdBn7MFF%2F2bWjKgahUU6FFmRK8Hl0ytyd5e5kWGEwoDIwMxbrlyyVy9x6ZDKnldIYKOjBOUjRyoym5n7Kg0yIYstFTUfqtC14fzxhy5Y$订阅源, Date: None, Resolution: None, Response Time: 0 ms
Name: CCTV-1, URL: http://[2409:8087:5e01:34::21]:6610/ZTE_CMS/00000001000000060000000000000131/index.m3u8?IAS$订阅源, Date: None, Resolution: None, Response Time: 0 ms
Name: CCTV-1, URL: http://[2409:8087:74f0:22::4]:6410/270000001128/9900000001/index.m3u8?channel-id=newtv&livemode=4&Contentid=9900000017$订阅源, Date: None, Resolution: None, Response Time: 0 ms
Name: CCTV-1, URL: http://[2409:8087:2001:20:2800:0:df6e:eb02]:80/wh7f454c46tw1528379826_-632121028/ott.mobaibox.com/PLTV/3/224/3221228149/index.m3u8?icpid=3&RTS=1674385938&from=40&popid=40&hms_devid=2039&prioritypopid=40&vqe=3$订阅源, Date: None, Resolution: None, Response Time: 0 ms
Name: CCTV-1, URL: http://[2409:8087:1a0a:df::4031]:80/wh7f454c46tw705163907_345094122/ottrrs.hl.chinamobile.com/PLTV/88888888/224/3221226016/index.m3u8?icpid=88888888&RTS=1713967534&from=4&hms_devid=1143&online=1713967534&vqe=3$订阅源, Date: None, Resolution: None, Response Time: 0 ms
Name: CCTV-1, URL: http://[2409:8087:74f0:22::4]:6610/270000001128/9900000501/index.m3u8?channel-id=newtv&livemode=4&Contentid=9900000501$订阅源, Date: None, Resolution: None, Response Time: 0 ms
Name: CCTV-1, URL: http://[2409:8087:5e00:24::10]:6060/200000001898/460000089800010144/$订阅源, Date: None, Resolution: None, Response Time: 0 ms
Name: CCTV-2, URL: http://[2409:8087:1a01:df::406f]:80/wh7f454c46tw1241164675_1575082505/ottrrs.hl.chinamobile.com/PLTV/88888888/224/3221226540/index.m3u8?icpid=88888888&RTS=1713968070&from=4&hms_devid=692&prioritypopid=4&online=1713968070&vqe=3$订阅源, Date: None, Resolution: None, Response Time: 0 ms
Name: CCTV-2, URL: http://[2409:8087:5e01:34::38]:6610/ZTE_CMS/00000001000000060000000000000372/index.m3u8?$订阅源, Date: None, Resolution: None, Response Time: 0 ms
Name: CCTV-2, URL: http://[2409:8087:2001:20:2800:0:df6e:eb0d]:80/wh7f454c46tw1528922594_677066330/ott.mobaibox.com/PLTV/3/224/3221227708/index.m3u8?icpid=3&RTS=1674385939&from=40&popid=40&hms_devid=2040&prioritypopid=40&vqe=3$订阅源, Date: None, Resolution: None, Response Time: 0 ms
Name: CCTV-2, URL: http://[2409:8087:5e08:24::11]:6610/000000001000/1000000001000023315/1.m3u8?channel-id=ystenlive&Contentid=1000000001000023315&livemode=1&stbId=3$订阅源, Date: None, Resolution: None, Response Time: 0 ms
Name: CCTV-3, URL: http://[2409:8087:2001:20:2800:0:df6e:eb14]:80/wh7f454c46tw3967888183_-1304016457/ott.mobaibox.com/PLTV/3/224/3221225588/index.m3u8?icpid=3&RTS=1674379788&from=40&popid=40&hms_devid=2115&prioritypopid=40&vqe=3$订阅源, Date: None, Resolution: None, Response Time: 0 ms
Name: CCTV-3, URL: http://[2409:8087:1a0a:df::404e]:80/wh7f454c46tw1306766403_-33994166/ottrrs.hl.chinamobile.com/PLTV/88888888/224/3221226021/index.m3u8?icpid=88888888&RTS=1713968135&from=4&hms_devid=1208&online=1713968135&vqe=3$订阅源, Date: None, Resolution: None, Response Time: 0 ms
Name: CCTV-3, URL: http://[2409:8087:2001:20:2800:0:df6e:eb18]:80/wh7f454c46tw1926180487_-439218358/ott.mobaibox.com/PLTV/3/224/3221228126/index.m3u8?$订阅源, Date: None, Resolution: None, Response Time: 0 ms
Name: CCTV-3, URL: http://[2409:8087:2001:20:2800:0:df6e:eb10]:80/wh7f454c46tw3968745104_1595752942/ott.mobaibox.com/PLTV/3/224/3221227650/index.m3u8?icpid=3&RTS=1674379789&from=40&ocs=2_2409:8087:2001:20:2800:0:df6e:eb0c_80&popid=40&hms_devid=2110&prioritypopid=40&vqe=3$订阅源, Date: None, Resolution: None, Response Time: 0 ms
Name: CCTV-3, URL: http://[2409:8087:1a01:df::4041]/TVOD/88888888/224/3221225799/main.m3u8$订阅源, Date: None, Resolution: None, Response Time: 0 ms
Name: CCTV-3, URL: http://[2409:8087:1a01:df::4041]:80/TVOD/88888888/224/3221225799/main.m3u8$订阅源, Date: None, Resolution: None, Response Time: 0 ms
Name: CCTV-4, URL: http://[2409:8087:2001:20:2800:0:df6e:eb1b]:80/wh7f454c46tw1530458601_-2138527565/ott.mobaibox.com/PLTV/3/224/3221225534/index.m3u8?$订阅源, Date: None, Resolution: None, Response Time: 0 ms
Name: CCTV-4, URL: http://[2409:8087:1a0a:df::4032]:80/wh7f454c46tw1452344678_931674717/ottrrs.hl.chinamobile.com/PLTV/88888888/224/3221226428/index.m3u8?icpid=88888888&RTS=1713968281&from=4&hms_devid=1143&online=1713968281&vqe=3$订阅源, Date: None, Resolution: None, Response Time: 0 ms
Name: CCTV-4, URL: http://[2409:8087:2001:20:2800:0:df6e:eb21]:80/PLTV/1/224/3221231032/1.m3u8$订阅源, Date: None, Resolution: None, Response Time: 0 ms
Name: CCTV-4, URL: http://[2409:8087:2001:20:2800:0:df6e:eb20]:80/PLTV/1/224/3221230948/1.m3u8$订阅源, Date: None, Resolution: None, Response Time: 0 ms
Name: CCTV-4, URL: http://[2409:8087:2001:20:2800:0:df6e:eb06]:80/wh7f454c46tw3970110376_2107001207/ott.mobaibox.com/PLTV/3/224/3221227378/index.m3u8?$订阅源, Date: None, Resolution: None, Response Time: 0 ms
Name: CCTV-5, URL: http://[2409:8087:2001:20:2800:0:df6e:eb0c]:80/wh7f454c46tw1742716435_-463761116/ott.mobaibox.com/PLTV/3/224/3221227166/index.m3u8?$订阅源, Date: None, Resolution: None, Response Time: 0 ms
Name: CCTV-5, URL: http://[2409:8087:2001:20:2800:0:df6e:eb0e]:80/wh7f454c46tw1926342846_771017734/ott.mobaibox.com/PLTV/3/224/3221227640/index.m3u8?$订阅源, Date: None, Resolution: None, Response Time: 0 ms
Name: CCTV-5, URL: http://[2409:8087:1a0a:df::4017]:80/wh7f454c46tw1517328845_1706942365/ottrrs.hl.chinamobile.com/PLTV/88888888/224/3221226019/index.m3u8?icpid=88888888&RTS=1713968346&from=4&hms_devid=990&online=1713968346&vqe=3$订阅源, Date: None, Resolution: None, Response Time: 0 ms
Name: CCTV-5+, URL: http://[2409:8087:2001:20:2800:0:df6e:eb07]:80/wh7f454c46tw1532706224_-1804828586/ott.mobaibox.com/PLTV/3/224/3221227381/index.m3u8?$订阅源, Date: None, Resolution: None, Response Time: 0 ms
Name: CCTV-5+, URL: http://[2409:8087:2001:20:2800:0:df6e:eb23]:80/wh7f454c46tw1371056101_254066856/ott.mobaibox.com/PLTV/3/224/3221228492/index.m3u8?$订阅源, Date: None, Resolution: None, Response Time: 0 ms
Name: CCTV-6, URL: http://[2409:8087:2001:20:2800:0:df6e:eb0f]:80/wh7f454c46tw91569092_-532273102/ott.mobaibox.com/PLTV/3/224/3221228185/index.m3u8?icpid=3&RTS=1674380207&from=40&popid=40&hms_devid=2111&prioritypopid=40&vqe=3$订阅源, Date: None, Resolution: None, Response Time: 0 ms
Name: CCTV-6, URL: http://[2409:8087:1a0a:df::4038]:80/wh7f454c46tw1592771597_580809367/ottrrs.hl.chinamobile.com/PLTV/88888888/224/3221226010/index.m3u8?icpid=88888888&RTS=1713968421&from=4&hms_devid=1211&online=1713968421&vqe=3$订阅源, Date: None, Resolution: None, Response Time: 0 ms
Name: CCTV-7, URL: http://[2409:8087:2001:20:2800:0:df6e:eb11]:80/wh7f454c46tw1534804996_666837910/ott.mobaibox.com/PLTV/3/224/3221227642/index.m3u8?icpid=3&RTS=1674385945&from=40&popid=40&hms_devid=2110&prioritypopid=40&vqe=3$订阅源, Date: None, Resolution: None, Response Time: 0 ms
Name: CCTV-7, URL: http://[2409:8087:1a0a:df::400f]:80/wh7f454c46tw1639845910_217588519/ottrrs.hl.chinamobile.com/PLTV/88888888/224/3221225733/index.m3u8?icpid=88888888&RTS=1713968468&from=4&hms_devid=771&online=1713968468&vqe=3$订阅源, Date: None, Resolution: None, Response Time: 0 ms
Name: CCTV-7, URL: http://[2409:8087:74f0:22::5]:6410/270000001128/9900000504/index.m3u8?channel-id=newtv&livemode=4&Contentid=9900000720$订阅源, Date: None, Resolution: None, Response Time: 0 ms
Name: CCTV-8, URL: http://[2409:8087:1a01:df::4051]:80/TVOD/88888888/224/3221225795/main.m3u8$订阅源, Date: None, Resolution: None, Response Time: 0 ms
Name: CCTV-8, URL: http://[2409:8087:1a0a:df::4036]:80/wh7f454c46tw1670555715_-98597522/ottrrs.hl.chinamobile.com/PLTV/88888888/224/3221226008/index.m3u8?icpid=88888888&RTS=1713968499&from=4&hms_devid=1209&online=1713968499&vqe=3$订阅源, Date: None, Resolution: None, Response Time: 0 ms
Name: CCTV-9, URL: http://[2409:8087:2001:20:2800:0:df6e:eb0a]:80/wh7f454c46tw2468865118_1937404571/ott.mobaibox.com/PLTV/3/224/3221227659/index.m3u8?icpid=3&RTS=1674386879&from=40&popid=40&hms_devid=2038&prioritypopid=40&vqe=3$订阅源, Date: None, Resolution: None, Response Time: 0 ms
Name: CCTV-9, URL: http://[2409:8087:2001:20:2800:0:df6e:eb17]:80/wh7f454c46tw1536262155_328032765/ott.mobaibox.com/PLTV/3/224/3221227704/index.m3u8?$订阅源, Date: None, Resolution: None, Response Time: 0 ms
Name: CCTV-9, URL: http://[2409:8087:2001:20:2800:0:df6e:eb04]:80/wh7f454c46tw95099346_1105596677/ott.mobaibox.com/PLTV/3/224/3221225532/index.m3u8?$订阅源, Date: None, Resolution: None, Response Time: 0 ms
Name: CCTV-9, URL: http://[2409:8087:1a0a:df::4015]:80/wh7f454c46tw1711975279_-1056895978/ottrrs.hl.chinamobile.com/PLTV/88888888/224/3221225734/index.m3u8?icpid=88888888&RTS=1713968540&from=4&hms_devid=992&online=1713968540&vqe=3$订阅源, Date: None, Resolution: None, Response Time: 0 ms
Name: CCTV-10, URL: http://[2409:8087:1a0a:df::4035]:80/wh7f454c46tw1741373816_102984390/ottrrs.hl.chinamobile.com/PLTV/88888888/224/3221225730/index.m3u8?icpid=88888888&RTS=1713968570&from=4&hms_devid=1209&online=1713968570&vqe=3$订阅源, Date: None, Resolution: None, Response Time: 0 ms
Name: CCTV-11, URL: http://[2409:8087:1a0a:df::4016]:80/wh7f454c46tw1773849430_946809046/ottrrs.hl.chinamobile.com/PLTV/88888888/224/3221225597/index.m3u8?icpid=88888888&RTS=1713968602&from=4&hms_devid=992&online=1713968602&vqe=3$订阅源, Date: None, Resolution: None, Response Time: 0 ms
Name: CCTV-12, URL: http://[2409:8087:74F1:0021::0008]:80/270000001322/69900158041111100000002147/1.m3u8$订阅源, Date: None, Resolution: None, Response Time: 0 ms
Name: CCTV-13, URL: http://[2409:8087:74f0:22::7]:6410/270000001128/9900000510/index.m3u8?channel-id=newtv&livemode=4&Contentid=9900000010$订阅源, Date: None, Resolution: None, Response Time: 0 ms
Name: CCTV-13, URL: http://[2409:8087:1a01:df::4009]:80/TVOD/88888888/224/3221226077/main.m3u8$订阅源, Date: None, Resolution: None, Response Time: 0 ms
Name: CCTV-13, URL: http://[2409:8087:1a0a:df::4033]:80/wh7f454c46tw1917467835_-2108786972/ottrrs.hl.chinamobile.com/PLTV/88888888/224/3221226537/index.m3u8?icpid=88888888&RTS=1713968746&from=4&hms_devid=1145&online=1713968746&vqe=3$订阅源, Date: None, Resolution: None, Response Time: 0 ms
Name: CCTV-13, URL: http://[2409:8087:2001:20:2800:0:df6e:eb16]:80/wh7f454c46tw2053011790_915661497/ott.mobaibox.com/PLTV/3/224/3221228224/index.m3u8?$订阅源, Date: None, Resolution: None, Response Time: 0 ms
Name: CCTV-13, URL: http://[2409:8087:1a0a:df::402d]:80/wh7f454c46tw1865416231_2120705273/ottrrs.hl.chinamobile.com/PLTV/88888888/224/3221226537/index.m3u8?icpid=88888888&RTS=1713968694&from=4&hms_devid=1103&online=1713968694&vqe=3$订阅源, Date: None, Resolution: None, Response Time: 0 ms
Name: CCTV-14, URL: http://[2409:8087:1a0a:df::404d]:80/wh7f454c46tw1988565230_-380430064/ottrrs.hl.chinamobile.com/PLTV/88888888/224/3221225732/index.m3u8CCTV-16%E5%A5%A5%E6%9E%97%E5%8C%B9%E5%85%8B?icpid=88888888&RTS=1713968817&from=4&hms_devid=1208&online=1713968817&vqe=3$订阅源, Date: None, Resolution: None, Response Time: 0 ms
Name: CCTV-15, URL: http://[2409:8087:1a01:df::4033]:80/TVOD/88888888/224/3221226127/main.m3u8$订阅源, Date: None, Resolution: None, Response Time: 0 ms
Name: CCTV-16, URL: http://[2409:8087:2001:20:2800:0:df6e:eb09]:80/PLTV/1/224/3221230934/1.m3u8$订阅源, Date: None, Resolution: None, Response Time: 0 ms
Name: CCTV-16, URL: http://[2409:8087:2001:20:2800:0:df6e:eb08]:80/PLTV/1/224/3221230934/1.m3u8$订阅源, Date: None, Resolution: None, Response Time: 0 ms
Name: CCTV-16, URL: http://[2409:8087:2001:20:2800:0:df6e:eb19]:80/PLTV/1/224/3221230957/1.m3u8$订阅源, Date: None, Resolution: None, Response Time: 0 ms
Name: CCTV-16, URL: http://[2409:8087:2001:20:2800:0:df6e:eb1a]:80/wh7f454c46tw465056087_375752967/ott.mobaibox.com/PLTV/3/224/3221228112/index.m3u8?$订阅源, Date: None, Resolution: None, Response Time: 0 ms
Name: CCTV-16, URL: http://[2409:8087:1a0b:df::4020]:80/ottrrs.hl.chinamobile.com/PLTV/88888888/224/3221226100/index.m3u8$订阅源, Date: None, Resolution: None, Response Time: 0 ms
Name: CCTV-16, URL: http://[2409:8087:2001:20:2800:0:df6e:eb05]:80/PLTV/1/224/3221230984/1.m3u8$订阅源, Date: None, Resolution: None, Response Time: 0 ms
Name: CCTV-16, URL: http://[2409:8087:1a0a:df::4030]:80/wh7f454c46tw2135331742_-653554677/ottrrs.hl.chinamobile.com/PLTV/88888888/224/3221226100/index.m3u8?icpid=88888888&RTS=1713968964&from=4&hms_devid=1144&online=1713968964&vqe=3$订阅源, Date: None, Resolution: None, Response Time: 0 ms
Name: CCTV-17, URL: http://[2409:8087:1a01:df::4025]:80/TVOD/88888888/224/3221225708/main.m3u8$订阅源, Date: None, Resolution: None, Response Time: 0 ms
Name: CCTV-17, URL: http://[2409:8087:74d9:21::9]:80/270000001128/index.m3u8?cmcc_cid=9900000513$订阅源, Date: None, Resolution: None, Response Time: 0 ms
Name: CCTV-17, URL: http://[2409:8087:2001:20:2800:0:df6e:eb0b]:80/wh7f454c46tw1746687450_313977963/ott.mobaibox.com/PLTV/3/224/3221227726/index.m3u8?icpid=3&RTS=1674386157&from=40&popid=40&hms_devid=2038&prioritypopid=40&vqe=3$订阅源, Date: None, Resolution: None, Response Time: 0 ms
Name: 广东卫视, URL: http://[2409:8087:3428:20:500::100f]:6610/PLTV/88888888/224/3221227164/index.m3u8?servicetype=1&IASHttpSessionId=RR423820220409134714119178$订阅源, Date: None, Resolution: None, Response Time: 0 ms
Name: 广东卫视, URL: http://[2409:8087:2001:20:2800:0:df6e:eb03]:80/ott.mobaibox.com/PLTV/4/224/3221227476/index.m3u8$订阅源, Date: None, Resolution: None, Response Time: 0 ms
Name: 广东卫视, URL: http://[2409:8087:1a0a:df::4011]:80/wh7f454c46tw2785724078_-429391256/ottrrs.hl.chinamobile.com/PLTV/88888888/224/3221226248/index.m3u8?icpid=88888888&RTS=1713969614&from=4&hms_devid=772&online=1713969614&vqe=3$订阅源, Date: None, Resolution: None, Response Time: 0 ms
Name: 广东卫视, URL: http://[2409:8087:3869:8021:1001::e5]:6610/PLTV/88888888/224/3221225597/2/index.m3u8$订阅源, Date: None, Resolution: None, Response Time: 0 ms
Name: 广东卫视, URL: http://[2409:8087:2001:20:2800:0:df6e:eb22]:80/wh7f454c46tw201699374_-1286689762/ott.mobaibox.com/PLTV/3/224/3221228312/index.m3u8?$订阅源, Date: None, Resolution: None, Response Time: 0 ms
Name: 广东卫视, URL: http://[2409:8087:3428:20:500::1009]:6610/PLTV/88888888/224/3221225824/index.m3u8?servicetype=1&IASHttpSessionId=RR423820220409134714119178$订阅源, Date: None, Resolution: None, Response Time: 0 ms
Name: 广东卫视, URL: http://[2409:8087:74f0:22::6]:6410/270000001128/9900000520/index.m3u8?channel-id=newtv&livemode=4&Contentid=9900000520$订阅源, Date: None, Resolution: None, Response Time: 0 ms
Name: 广东卫视, URL: http://[2409:8087:1e03:21::2]:6060/cms001/ch00000090990000001032/index.m3u8$订阅源, Date: None, Resolution: None, Response Time: 0 ms
Name: 浙江卫视, URL: http://[2409:8087:1a01:df::4043]:80/TVOD/88888888/224/3221225959/main.m3u8$订阅源, Date: None, Resolution: None, Response Time: 0 ms
Name: 湖南卫视, URL: http://[2409:8087:1a0a:df::402e]:80/wh7f454c46tw3107212859_-133726409/ottrrs.hl.chinamobile.com/PLTV/88888888/224/3221225610/index.m3u8?icpid=88888888&RTS=1713969936&from=4&hms_devid=1103&online=1713969936&vqe=3$订阅源, Date: None, Resolution: None, Response Time: 0 ms
Name: 湖南卫视, URL: http://[2409:8087:1a0a:df::4018]:80/wh7f454c46tw3074498827_-624608810/ottrrs.hl.chinamobile.com/PLTV/88888888/224/3221226307/index.m3u8?icpid=88888888&RTS=1713969903&from=4&hms_devid=990&online=1713969903&vqe=3$订阅源, Date: None, Resolution: None, Response Time: 0 ms
Name: 北京卫视, URL: http://[2409:8087:1a0a:df::4010]:80/wh7f454c46tw3521118935_826740184/ottrrs.hl.chinamobile.com/PLTV/88888888/224/3221225728/index.m3u8?icpid=88888888&RTS=1713970350&from=4&hms_devid=771&online=1713970350&vqe=3$订阅源, Date: None, Resolution: None, Response Time: 0 ms
Name: 黑龙江卫视, URL: http://[2409:8087:2001:20:2800:0:df6e:eb13]:80/wh7f454c46tw516512633_-1915271837/ott.mobaibox.com/PLTV/3/224/3221227638/index.m3u8?$订阅源, Date: None, Resolution: None, Response Time: 0 ms
Name: 重庆卫视, URL: http://[2409:8087:1a0a:df::4039]:80/wh7f454c46tw3484210288_1514322028/ottrrs.hl.chinamobile.com/PLTV/88888888/224/3221226409/index.m3u8?icpid=88888888&RTS=1713970313&from=4&hms_devid=1212&online=1713970313&vqe=3$订阅源, Date: None, Resolution: None, Response Time: 0 ms
Name: 东南卫视, URL: http://[2409:8087:1a01:df::4035]:80/TVOD/88888888/224/3221225950/main.m3u8$订阅源, Date: None, Resolution: None, Response Time: 0 ms
Name: 甘肃卫视, URL: http://[2409:8c02:21c:60::2b]/live.rxip.sc96655.com/live/gsws_4000.m3u8$订阅源, Date: None, Resolution: None, Response Time: 0 ms
Name: 甘肃卫视, URL: http://[2409:8087:1a0b:df::4005]:80/ottrrs.hl.chinamobile.com/TVOD/88888888/224/3221225633/index.m3u8$订阅源, Date: None, Resolution: None, Response Time: 0 ms
Name: 甘肃卫视, URL: http://[2409:8087:1e03:21::42]:6610/cms001/ch00000090990000001298/index.m3u8?love=freedom#http://[2409:8087:2001:20:2800:0:df6e:eb1a]/wh7f454c46tw1400573680_-1979013462/ott.mobaibox.com/PLTV/3/224/3221227568/index.m3u8?icpid=3&RTS=1668600490&from=40&popid=40&hms_devid=2116&prioritypopid=40&vqe=3$订阅源, Date: None, Resolution: None, Response Time: 0 ms
Name: 广西卫视, URL: http://[2409:8087:1a01:df::4047]:80/TVOD/88888888/224/3221226091/main.m3u8$订阅源, Date: None, Resolution: None, Response Time: 0 ms
Name: 广西卫视, URL: http://[2409:8087:1a0a:df::404a]:80/wh7f454c46tw2753758345_1620272844/ottrrs.hl.chinamobile.com/PLTV/88888888/224/3221226380/index.m3u8?icpid=88888888&RTS=1713969582&from=4&hms_devid=1212&online=1713969582&vqe=3$订阅源, Date: None, Resolution: None, Response Time: 0 ms
Name: 贵州卫视, URL: http://[2409:8087:1a01:df::4030]:80/TVOD/88888888/224/3221225974/main.m3u8$订阅源, Date: None, Resolution: None, Response Time: 0 ms
Name: 贵州卫视, URL: http://[2409:8087:1a0a:df::402c]:80/wh7f454c46tw3713977475_-1473008417/ottrrs.hl.chinamobile.com/PLTV/88888888/224/3221226474/index.m3u8?icpid=88888888&RTS=1713970542&from=4&hms_devid=989&online=1713970542&vqe=3$订阅源, Date: None, Resolution: None, Response Time: 0 ms
Name: 河南卫视, URL: http://[2409:8087:1a0a:df::402b]:80/wh7f454c46tw3580436585_-1356766422/ottrrs.hl.chinamobile.com/PLTV/88888888/224/3221226480/index.m3u8?icpid=88888888&RTS=1713970409&from=4&hms_devid=989&online=1713970409&vqe=3$订阅源, Date: None, Resolution: None, Response Time: 0 ms
Name: 吉林卫视, URL: http://[2409:8087:5e08:24::8]:6610/000000001000/5000000011000031117/index.m3u8?channel-id=bestzb&Contentid=5000000011000031117&livemode=1&stbId=3$订阅源, Date: None, Resolution: None, Response Time: 0 ms
Name: 江苏卫视, URL: http://[2409:8087:1a0a:df::402f]:80/wh7f454c46tw3223665652_2134146582/ottrrs.hl.chinamobile.com/PLTV/88888888/224/3221226310/index.m3u8?icpid=88888888&RTS=1713970052&from=4&hms_devid=1144&online=1713970052&vqe=3$订阅源, Date: None, Resolution: None, Response Time: 0 ms
Name: 江西卫视, URL: http://[2409:8087:1a01:df::4027]:80/TVOD/88888888/224/3221225935/main.m3u8$订阅源, Date: None, Resolution: None, Response Time: 0 ms
Name: 内蒙古卫视, URL: http://[2409:8087:1a01:df::401a]:80/wh7f454c46tw3029083262_-802204014/ottrrs.hl.chinamobile.com/PLTV/88888888/224/3221225634/index.m3u8?icpid=88888888&RTS=1713969858&from=4&hms_devid=128&prioritypopid=4&online=1713969858&vqe=3$订阅源, Date: None, Resolution: None, Response Time: 0 ms
Name: 青海卫视, URL: http://[2409:8087:1a0b:df::4002]:80/ottrrs.hl.chinamobile.com/TVOD/88888888/224/3221225628/index.m3u8$订阅源, Date: None, Resolution: None, Response Time: 0 ms
Name: 青海卫视, URL: http://[2409:8087:1a0a:df::4037]:80/wh7f454c46tw2412256287_-144096703/ottrrs.hl.chinamobile.com/PLTV/88888888/224/3221226323/index.m3u8?icpid=88888888&RTS=1713969241&from=4&hms_devid=1211&online=1713969241&vqe=3$订阅源, Date: None, Resolution: None, Response Time: 0 ms
Name: 深圳卫视, URL: http://[2409:8087:1a0a:df::4013]:80/wh7f454c46tw2667830568_725069943/ottrrs.hl.chinamobile.com/PLTV/88888888/224/3221225739/index.m3u8?icpid=88888888&RTS=1713969496&from=4&hms_devid=773&online=1713969496&vqe=3$订阅源, Date: None, Resolution: None, Response Time: 0 ms
Name: 三沙卫视, URL: http://[2409:8087:5e01:34::27]:6610/ZTE_CMS/08984400000000060000000000000319/index.m3u8?IAS$订阅源, Date: None, Resolution: None, Response Time: 0 ms
Name: 云南卫视, URL: http://[2409:8087:4402:20:1:1216:401:14]/iptv.cdn.ha.chinamobile.com/PLTV/88888888/224/3221226660/index.m3u8$订阅源, Date: None, Resolution: None, Response Time: 0 ms
Name: CHC家庭影院, URL: http://[2001:250:5800:1005::155]:80/liverespath/449d51febadb152094085d373b9af94a6ac5f1dd/index.m3u8$订阅源, Date: None, Resolution: None, Response Time: 0 ms
Name: CHC动作电影, URL: http://[2409:8087:1a01:df::4021]:80/TVOD/88888888/224/3221225555/main.m3u8$订阅源, Date: None, Resolution: None, Response Time: 0 ms
Name: 黑莓电影, URL: http://[2409:8087:1a01:df::4001]:80/TVOD/88888888/224/3221225681/main.m3u8$订阅源, Date: None, Resolution: None, Response Time: 0 ms
Name: 黑莓电影, URL: http://[2409:8087:1a0b:df::4014]:80/ottrrs.hl.chinamobile.com/PLTV/88888888/224/3221225743/index.m3u8$订阅源, Date: None, Resolution: None, Response Time: 0 ms
Name: 五星体育, URL: http://[2409:8087:5e01:24::16]:6610/000000001000/2000000002000000007/index.m3u8?stbId=3&livemode=1&HlsProfileId=&channel-id=hnbblive&Contentid=2000000002000000007&IAS$订阅源, Date: None, Resolution: None, Response Time: 0 ms
Name: 五星体育, URL: http://[2409:8087:5e08:24::12]:6610/000000001000/2000000002000000007/index.m3u8?stbId=3&livemode=1&HlsProfileId=&channel-id=hnbblive&Contentid=2000000002000000007&IAShttpSessionId=OTT19019320240419154124000281$订阅源, Date: None, Resolution: None, Response Time: 0 ms
Name: 精品体育, URL: http://[2409:8087:1a0b:df::4004]:80/ottrrs.hl.chinamobile.com/TVOD/88888888/224/3221225674/index.m3u8$订阅源, Date: None, Resolution: None, Response Time: 0 ms
Name: 睛彩篮球, URL: http://[2409:8087:1a01:df::4055]:80/TVOD/88888888/224/3221225901/main.m3u8$订阅源, Date: None, Resolution: None, Response Time: 0 ms
Name: 金鹰卡通, URL: http://[2409:8087:1a0b:df::4008]:80/ottrrs.hl.chinamobile.com/TVOD/88888888/224/3221225653/index.m3u8$订阅源, Date: None, Resolution: None, Response Time: 0 ms
Name: 黑莓动画, URL: http://[2409:8087:1a0b:df::4006]:80/ottrrs.hl.chinamobile.com/TVOD/88888888/224/3221225662/index.m3u8$订阅源, Date: None, Resolution: None, Response Time: 0 ms
Name: 黑莓动画, URL: http://[2409:8087:1a01:df::4007]:80/TVOD/88888888/224/3221225529/main.m3u8$订阅源, Date: None, Resolution: None, Response Time: 0 ms
